

 ***** Sun Dec 10 2023 00:14:58 GMT+0000 (Coordinated Universal Time) *****  

 balance 
{
  "borrowed": 99.63,
  "free": 190.33,
  "error": false,
  "btcFree": 0.00003
}
 fdusd =190.33 , bitcoin = 0.00003 ; 

 Available 190.33 fdusd,borrowed 99.63,  position is OUT.
price is under ma, not buying.


 ***** Sun Dec 10 2023 00:29:58 GMT+0000 (Coordinated Universal Time) *****  

 balance 
{
  "borrowed": 99.63,
  "free": 190.33,
  "error": false,
  "btcFree": 0.00003
}
 fdusd =190.33 , bitcoin = 0.00003 ; 

 Available 190.33 fdusd,borrowed 99.63,  position is OUT.
price is under ma, not buying.


 ***** Sun Dec 10 2023 00:44:58 GMT+0000 (Coordinated Universal Time) *****  

 balance 
{
  "borrowed": 99.63,
  "free": 190.33,
  "error": false,
  "btcFree": 0.00003
}
 fdusd =190.33 , bitcoin = 0.00003 ; 

 Available 190.33 fdusd,borrowed 99.63,  position is OUT.
price is under ma, not buying.


 ***** Sun Dec 10 2023 00:59:58 GMT+0000 (Coordinated Universal Time) *****  

 balance 
{
  "borrowed": 99.63,
  "free": 190.33,
  "error": false,
  "btcFree": 0.00003
}
 fdusd =190.33 , bitcoin = 0.00003 ; 

 Available 190.33 fdusd,borrowed 99.63,  position is OUT.
price is under ma, not buying.


 ***** Sun Dec 10 2023 01:14:58 GMT+0000 (Coordinated Universal Time) *****  

 balance 
{
  "borrowed": 99.63,
  "free": 190.33,
  "error": false,
  "btcFree": 0.00003
}
 fdusd =190.33 , bitcoin = 0.00003 ; 

 Available 190.33 fdusd,borrowed 99.63,  position is OUT.
price is under ma, not buying.


 ***** Sun Dec 10 2023 01:29:58 GMT+0000 (Coordinated Universal Time) *****  

 balance 
{
  "borrowed": 99.63,
  "free": 190.33,
  "error": false,
  "btcFree": 0.00003
}
 fdusd =190.33 , bitcoin = 0.00003 ; 

 Available 190.33 fdusd,borrowed 99.63,  position is OUT.
price is under ma, not buying.


 ***** Sun Dec 10 2023 01:44:58 GMT+0000 (Coordinated Universal Time) *****  

 balance 
{
  "borrowed": 99.63,
  "free": 190.33,
  "error": false,
  "btcFree": 0.00003
}
 fdusd =190.33 , bitcoin = 0.00003 ; 

 Available 190.33 fdusd,borrowed 99.63,  position is OUT.
price is under ma, not buying.


 ***** Sun Dec 10 2023 01:59:58 GMT+0000 (Coordinated Universal Time) *****  

 balance 
{
  "borrowed": 99.63,
  "free": 190.33,
  "error": false,
  "btcFree": 0.00003
}
 fdusd =190.33 , bitcoin = 0.00003 ; 

 Available 190.33 fdusd,borrowed 99.63,  position is OUT.
price is under ma, not buying.


 ***** Sun Dec 10 2023 02:14:58 GMT+0000 (Coordinated Universal Time) *****  

 balance 
{
  "borrowed": 99.63,
  "free": 190.33,
  "error": false,
  "btcFree": 0.00003
}
 fdusd =190.33 , bitcoin = 0.00003 ; 

 Available 190.33 fdusd,borrowed 99.63,  position is OUT.
price is under ma, not buying.


 ***** Sun Dec 10 2023 02:29:58 GMT+0000 (Coordinated Universal Time) *****  

 balance 
{
  "borrowed": 99.63,
  "free": 190.33,
  "error": false,
  "btcFree": 0.00003
}
 fdusd =190.33 , bitcoin = 0.00003 ; 

 Available 190.33 fdusd,borrowed 99.63,  position is OUT.
price is under ma, not buying.


 ***** Sun Dec 10 2023 02:44:58 GMT+0000 (Coordinated Universal Time) *****  

 balance 
{
  "borrowed": 99.63,
  "free": 190.33,
  "error": false,
  "btcFree": 0.00003
}
 fdusd =190.33 , bitcoin = 0.00003 ; 

 Available 190.33 fdusd,borrowed 99.63,  position is OUT.
price is under ma, not buying.


 ***** Sun Dec 10 2023 02:59:58 GMT+0000 (Coordinated Universal Time) *****  

 balance 
{
  "borrowed": 99.63,
  "free": 190.33,
  "error": false,
  "btcFree": 0.00003
}
 fdusd =190.33 , bitcoin = 0.00003 ; 

 Available 190.33 fdusd,borrowed 99.63,  position is OUT.
price is under ma, not buying.


 ***** Sun Dec 10 2023 03:14:58 GMT+0000 (Coordinated Universal Time) *****  

 balance 
{
  "borrowed": 99.63,
  "free": 190.33,
  "error": false,
  "btcFree": 0.00003
}
 fdusd =190.33 , bitcoin = 0.00003 ; 

 Available 190.33 fdusd,borrowed 99.63,  position is OUT.
price is under ma, not buying.


 ***** Sun Dec 10 2023 03:29:58 GMT+0000 (Coordinated Universal Time) *****  

 balance 
{
  "borrowed": 99.63,
  "free": 190.33,
  "error": false,
  "btcFree": 0.00003
}
 fdusd =190.33 , bitcoin = 0.00003 ; 

 Available 190.33 fdusd,borrowed 99.63,  position is OUT.
price is under ma, not buying.


 ***** Sun Dec 10 2023 03:44:58 GMT+0000 (Coordinated Universal Time) *****  

 balance 
{
  "borrowed": 99.63,
  "free": 190.33,
  "error": false,
  "btcFree": 0.00003
}
 fdusd =190.33 , bitcoin = 0.00003 ; 

 Available 190.33 fdusd,borrowed 99.63,  position is OUT.
price is under ma, not buying.


 ***** Sun Dec 10 2023 03:59:58 GMT+0000 (Coordinated Universal Time) *****  

 balance 
{
  "borrowed": 99.63,
  "free": 190.33,
  "error": false,
  "btcFree": 0.00003
}
 fdusd =190.33 , bitcoin = 0.00003 ; 

 Available 190.33 fdusd,borrowed 99.63,  position is OUT.
price is under ma, not buying.


 ***** Sun Dec 10 2023 04:14:58 GMT+0000 (Coordinated Universal Time) *****  

 balance 
{
  "borrowed": 99.63,
  "free": 190.33,
  "error": false,
  "btcFree": 0.00003
}
 fdusd =190.33 , bitcoin = 0.00003 ; 

 Available 190.33 fdusd,borrowed 99.63,  position is OUT.
price is under ma, not buying.


 ***** Sun Dec 10 2023 04:29:58 GMT+0000 (Coordinated Universal Time) *****  

 balance 
{
  "borrowed": 99.63,
  "free": 190.33,
  "error": false,
  "btcFree": 0.00003
}
 fdusd =190.33 , bitcoin = 0.00003 ; 

 Available 190.33 fdusd,borrowed 99.63,  position is OUT.
price is above ma, placing order...
calculating 190.70000000000005*0.99/43929.29...Borrowed 99.63, above 50, so crossBuyNormal. 
{
  "symbol": "BTCFDUSD",
  "orderId": 1627164559,
  "clientOrderId": "ni1UfjrIbg6jSQOjSWbpgY",
  "transactTime": 1702182599364,
  "price": "0",
  "origQty": "0.00429",
  "executedQty": "0.00429",
  "cummulativeQuoteQty": "188.4580872",
  "status": "FILLED",
  "timeInForce": "GTC",
  "type": "MARKET",
  "side": "BUY",
  "fills": [
    {
      "price": "43929.52",
      "qty": "0.00285",
      "commission": "0",
      "commissionAsset": "BNB",
      "tradeId": 151749951
    },
    {
      "price": "43929.83",
      "qty": "0.00144",
      "commission": "0",
      "commissionAsset": "BNB",
      "tradeId": 151749952
    }
  ],
  "isIsolated": false,
  "selfTradePreventionMode": "EXPIRE_MAKER"
}
{
  "symbol": "BTCFDUSD",
  "orderId": 1627164559,
  "clientOrderId": "ni1UfjrIbg6jSQOjSWbpgY",
  "transactTime": 1702182599364,
  "price": "0",
  "origQty": "0.00429",
  "executedQty": "0.00429",
  "cummulativeQuoteQty": "188.4580872",
  "status": "FILLED",
  "timeInForce": "GTC",
  "type": "MARKET",
  "side": "BUY",
  "fills": [
    {
      "price": "43929.52",
      "qty": "0.00285",
      "commission": "0",
      "commissionAsset": "BNB",
      "tradeId": 151749951
    },
    {
      "price": "43929.83",
      "qty": "0.00144",
      "commission": "0",
      "commissionAsset": "BNB",
      "tradeId": 151749952
    }
  ],
  "isIsolated": false,
  "selfTradePreventionMode": "EXPIRE_MAKER"
}symbol BTCFDUSD, bitcoin : 0.00429, stopPrice : 43912.04, limit : 43903.26 
placed stop loss
{
  "symbol": "BTCFDUSD",
  "orderId": 1627164586,
  "clientOrderId": "pHBO3j0LYZXB2nX1ES3XS3",
  "transactTime": 1702182599659,
  "isIsolated": false
}


 ***** Sun Dec 10 2023 04:44:58 GMT+0000 (Coordinated Universal Time) *****  

 balance 
{
  "borrowed": 99.63,
  "free": 1.88,
  "error": false,
  "btcFree": 0.00003
}
 fdusd =1.88 , bitcoin = 0.00003 ; 
cancelling SL
[
  {
    "origClientOrderId": "pHBO3j0LYZXB2nX1ES3XS3",
    "orderId": 1627164586,
    "clientOrderId": "K1yYLxhtuUtN2rd1D0LGdv",
    "price": "43903.26000000",
    "origQty": "0.00429000",
    "executedQty": "0.00000000",
    "cummulativeQuoteQty": "0.00000000",
    "status": "CANCELED",
    "timeInForce": "GTC",
    "type": "STOP_LOSS_LIMIT",
    "side": "SELL",
    "symbol": "BTCFDUSD",
    "orderListId": -1,
    "isIsolated": false,
    "selfTradePreventionMode": "EXPIRE_MAKER"
  }
]
cancelOrds
{
  "origClientOrderId": "pHBO3j0LYZXB2nX1ES3XS3",
  "orderId": 1627164586,
  "clientOrderId": "K1yYLxhtuUtN2rd1D0LGdv",
  "price": "43903.26000000",
  "origQty": "0.00429000",
  "executedQty": "0.00000000",
  "cummulativeQuoteQty": "0.00000000",
  "status": "CANCELED",
  "timeInForce": "GTC",
  "type": "STOP_LOSS_LIMIT",
  "side": "SELL",
  "symbol": "BTCFDUSD",
  "orderListId": -1,
  "isIsolated": false,
  "selfTradePreventionMode": "EXPIRE_MAKER"
}
"43903.26000000"
we are placing back the same stop because stop above ma
{"symbol":"BTCFDUSD","orderId":1627285021,"clientOrderId":"6lxa8X8BVajDrUvIAs2yu5","transactTime":1702183499894,"isIsolated":false}
 stop is above and ma is below, do nothing


 ***** Sun Dec 10 2023 04:59:58 GMT+0000 (Coordinated Universal Time) *****  

 balance 
{
  "borrowed": 99.63,
  "free": 1.88,
  "error": false,
  "btcFree": 0.00003
}
 fdusd =1.88 , bitcoin = 0.00003 ; 
cancelling SL
[
  {
    "origClientOrderId": "6lxa8X8BVajDrUvIAs2yu5",
    "orderId": 1627285021,
    "clientOrderId": "3HewrGtEZPhFuXSRVww7KU",
    "price": "43903.26000000",
    "origQty": "0.00429000",
    "executedQty": "0.00000000",
    "cummulativeQuoteQty": "0.00000000",
    "status": "CANCELED",
    "timeInForce": "GTC",
    "type": "STOP_LOSS_LIMIT",
    "side": "SELL",
    "symbol": "BTCFDUSD",
    "orderListId": -1,
    "isIsolated": false,
    "selfTradePreventionMode": "EXPIRE_MAKER"
  }
]
cancelOrds
{
  "origClientOrderId": "6lxa8X8BVajDrUvIAs2yu5",
  "orderId": 1627285021,
  "clientOrderId": "3HewrGtEZPhFuXSRVww7KU",
  "price": "43903.26000000",
  "origQty": "0.00429000",
  "executedQty": "0.00000000",
  "cummulativeQuoteQty": "0.00000000",
  "status": "CANCELED",
  "timeInForce": "GTC",
  "type": "STOP_LOSS_LIMIT",
  "side": "SELL",
  "symbol": "BTCFDUSD",
  "orderListId": -1,
  "isIsolated": false,
  "selfTradePreventionMode": "EXPIRE_MAKER"
}
"43903.26000000"
we are placing back the same stop because stop above ma
{"symbol":"BTCFDUSD","orderId":1627369639,"clientOrderId":"xJhANqmCWpqX0oKlvaugYP","transactTime":1702184400468,"isIsolated":false}
 stop is above and ma is below, do nothing


 ***** Sun Dec 10 2023 05:14:58 GMT+0000 (Coordinated Universal Time) *****  

 balance 
{
  "borrowed": 99.63,
  "free": 1.88,
  "error": false,
  "btcFree": 0.00003
}
 fdusd =1.88 , bitcoin = 0.00003 ; 
cancelling SL
[
  {
    "origClientOrderId": "xJhANqmCWpqX0oKlvaugYP",
    "orderId": 1627369639,
    "clientOrderId": "LUiDzZZFBqlNzHTfFWTCRh",
    "price": "43903.26000000",
    "origQty": "0.00429000",
    "executedQty": "0.00000000",
    "cummulativeQuoteQty": "0.00000000",
    "status": "CANCELED",
    "timeInForce": "GTC",
    "type": "STOP_LOSS_LIMIT",
    "side": "SELL",
    "symbol": "BTCFDUSD",
    "orderListId": -1,
    "isIsolated": false,
    "selfTradePreventionMode": "EXPIRE_MAKER"
  }
]
cancelOrds
{
  "origClientOrderId": "xJhANqmCWpqX0oKlvaugYP",
  "orderId": 1627369639,
  "clientOrderId": "LUiDzZZFBqlNzHTfFWTCRh",
  "price": "43903.26000000",
  "origQty": "0.00429000",
  "executedQty": "0.00000000",
  "cummulativeQuoteQty": "0.00000000",
  "status": "CANCELED",
  "timeInForce": "GTC",
  "type": "STOP_LOSS_LIMIT",
  "side": "SELL",
  "symbol": "BTCFDUSD",
  "orderListId": -1,
  "isIsolated": false,
  "selfTradePreventionMode": "EXPIRE_MAKER"
}
"43903.26000000"
we are placing back the same stop because stop above ma
{"symbol":"BTCFDUSD","orderId":1627464051,"clientOrderId":"LvO4cjqWKu6QUXdEr1Axqj","transactTime":1702185299588,"isIsolated":false}
 stop is above and ma is below, do nothing


 ***** Sun Dec 10 2023 05:29:58 GMT+0000 (Coordinated Universal Time) *****  

 balance 
{
  "borrowed": 99.63,
  "free": 1.88,
  "error": false,
  "btcFree": 0.00003
}
 fdusd =1.88 , bitcoin = 0.00003 ; 
cancelling SL
[
  {
    "origClientOrderId": "LvO4cjqWKu6QUXdEr1Axqj",
    "orderId": 1627464051,
    "clientOrderId": "00oG7Eax4YHwBL9e812NCY",
    "price": "43903.26000000",
    "origQty": "0.00429000",
    "executedQty": "0.00000000",
    "cummulativeQuoteQty": "0.00000000",
    "status": "CANCELED",
    "timeInForce": "GTC",
    "type": "STOP_LOSS_LIMIT",
    "side": "SELL",
    "symbol": "BTCFDUSD",
    "orderListId": -1,
    "isIsolated": false,
    "selfTradePreventionMode": "EXPIRE_MAKER"
  }
]
cancelOrds
{
  "origClientOrderId": "LvO4cjqWKu6QUXdEr1Axqj",
  "orderId": 1627464051,
  "clientOrderId": "00oG7Eax4YHwBL9e812NCY",
  "price": "43903.26000000",
  "origQty": "0.00429000",
  "executedQty": "0.00000000",
  "cummulativeQuoteQty": "0.00000000",
  "status": "CANCELED",
  "timeInForce": "GTC",
  "type": "STOP_LOSS_LIMIT",
  "side": "SELL",
  "symbol": "BTCFDUSD",
  "orderListId": -1,
  "isIsolated": false,
  "selfTradePreventionMode": "EXPIRE_MAKER"
}
"43903.26000000"
we are placing back the same stop because stop above ma
{"symbol":"BTCFDUSD","orderId":1627554299,"clientOrderId":"Pz9rOLba59buHhsc9p7GqD","transactTime":1702186199892,"isIsolated":false}
 stop is above and ma is below, do nothing


 ***** Sun Dec 10 2023 05:44:58 GMT+0000 (Coordinated Universal Time) *****  

 balance 
{
  "borrowed": 99.63,
  "free": 1.88,
  "error": false,
  "btcFree": 0.00003
}
 fdusd =1.88 , bitcoin = 0.00003 ; 
cancelling SL
[
  {
    "origClientOrderId": "Pz9rOLba59buHhsc9p7GqD",
    "orderId": 1627554299,
    "clientOrderId": "ax3szhOXIWya9xniGSovTZ",
    "price": "43903.26000000",
    "origQty": "0.00429000",
    "executedQty": "0.00000000",
    "cummulativeQuoteQty": "0.00000000",
    "status": "CANCELED",
    "timeInForce": "GTC",
    "type": "STOP_LOSS_LIMIT",
    "side": "SELL",
    "symbol": "BTCFDUSD",
    "orderListId": -1,
    "isIsolated": false,
    "selfTradePreventionMode": "EXPIRE_MAKER"
  }
]
cancelOrds
{
  "origClientOrderId": "Pz9rOLba59buHhsc9p7GqD",
  "orderId": 1627554299,
  "clientOrderId": "ax3szhOXIWya9xniGSovTZ",
  "price": "43903.26000000",
  "origQty": "0.00429000",
  "executedQty": "0.00000000",
  "cummulativeQuoteQty": "0.00000000",
  "status": "CANCELED",
  "timeInForce": "GTC",
  "type": "STOP_LOSS_LIMIT",
  "side": "SELL",
  "symbol": "BTCFDUSD",
  "orderListId": -1,
  "isIsolated": false,
  "selfTradePreventionMode": "EXPIRE_MAKER"
}
"43903.26000000"
we are placing back the same stop because stop above ma
{"symbol":"BTCFDUSD","orderId":1627649428,"clientOrderId":"Q4cReZzKByu6hPvzqOOG1l","transactTime":1702187100174,"isIsolated":false}
 stop is above and ma is below, do nothing


 ***** Sun Dec 10 2023 05:59:58 GMT+0000 (Coordinated Universal Time) *****  

 balance 
{
  "borrowed": 99.63,
  "free": 1.88,
  "error": false,
  "btcFree": 0.00003
}
 fdusd =1.88 , bitcoin = 0.00003 ; 
cancelling SL
[
  {
    "origClientOrderId": "Q4cReZzKByu6hPvzqOOG1l",
    "orderId": 1627649428,
    "clientOrderId": "92wG1aMOvNJiOCSChJWLSL",
    "price": "43903.26000000",
    "origQty": "0.00429000",
    "executedQty": "0.00000000",
    "cummulativeQuoteQty": "0.00000000",
    "status": "CANCELED",
    "timeInForce": "GTC",
    "type": "STOP_LOSS_LIMIT",
    "side": "SELL",
    "symbol": "BTCFDUSD",
    "orderListId": -1,
    "isIsolated": false,
    "selfTradePreventionMode": "EXPIRE_MAKER"
  }
]
cancelOrds
{
  "origClientOrderId": "Q4cReZzKByu6hPvzqOOG1l",
  "orderId": 1627649428,
  "clientOrderId": "92wG1aMOvNJiOCSChJWLSL",
  "price": "43903.26000000",
  "origQty": "0.00429000",
  "executedQty": "0.00000000",
  "cummulativeQuoteQty": "0.00000000",
  "status": "CANCELED",
  "timeInForce": "GTC",
  "type": "STOP_LOSS_LIMIT",
  "side": "SELL",
  "symbol": "BTCFDUSD",
  "orderListId": -1,
  "isIsolated": false,
  "selfTradePreventionMode": "EXPIRE_MAKER"
}
"43903.26000000"
we are placing back the same stop because stop above ma
{"symbol":"BTCFDUSD","orderId":1627754295,"clientOrderId":"jDq0q8hjxCqGkAlFiztded","transactTime":1702187999533,"isIsolated":false}
 stop is above and ma is below, do nothing


 ***** Sun Dec 10 2023 06:14:58 GMT+0000 (Coordinated Universal Time) *****  

 balance 
{
  "borrowed": 99.63,
  "free": 1.88,
  "error": false,
  "btcFree": 0.00003
}
 fdusd =1.88 , bitcoin = 0.00003 ; 
cancelling SL
[
  {
    "origClientOrderId": "jDq0q8hjxCqGkAlFiztded",
    "orderId": 1627754295,
    "clientOrderId": "EMycAFESvM8pMl0cohkFk6",
    "price": "43903.26000000",
    "origQty": "0.00429000",
    "executedQty": "0.00000000",
    "cummulativeQuoteQty": "0.00000000",
    "status": "CANCELED",
    "timeInForce": "GTC",
    "type": "STOP_LOSS_LIMIT",
    "side": "SELL",
    "symbol": "BTCFDUSD",
    "orderListId": -1,
    "isIsolated": false,
    "selfTradePreventionMode": "EXPIRE_MAKER"
  }
]
cancelOrds
{
  "origClientOrderId": "jDq0q8hjxCqGkAlFiztded",
  "orderId": 1627754295,
  "clientOrderId": "EMycAFESvM8pMl0cohkFk6",
  "price": "43903.26000000",
  "origQty": "0.00429000",
  "executedQty": "0.00000000",
  "cummulativeQuoteQty": "0.00000000",
  "status": "CANCELED",
  "timeInForce": "GTC",
  "type": "STOP_LOSS_LIMIT",
  "side": "SELL",
  "symbol": "BTCFDUSD",
  "orderListId": -1,
  "isIsolated": false,
  "selfTradePreventionMode": "EXPIRE_MAKER"
}
"43903.26000000"
we are placing back the same stop because stop above ma
{"symbol":"BTCFDUSD","orderId":1627824616,"clientOrderId":"0MuyHz9pEJrEeFoqjS3Ns1","transactTime":1702188899890,"isIsolated":false}
 stop is above and ma is below, do nothing


 ***** Sun Dec 10 2023 06:29:58 GMT+0000 (Coordinated Universal Time) *****  

 balance 
{
  "borrowed": 99.63,
  "free": 190.26,
  "error": false,
  "btcFree": 0.00003
}
 fdusd =190.26 , bitcoin = 0.00003 ; 

 Available 190.26 fdusd,borrowed 99.63,  position is OUT.
price is above ma, placing order...
calculating 190.63*0.99/43940.96...Borrowed 99.63, above 50, so crossBuyNormal. 
{
  "symbol": "BTCFDUSD",
  "orderId": 1627919479,
  "clientOrderId": "CAneX5MftqljBDumI5Iq44",
  "transactTime": 1702189799951,
  "price": "0",
  "origQty": "0.00429",
  "executedQty": "0.00429",
  "cummulativeQuoteQty": "188.5088205",
  "status": "FILLED",
  "timeInForce": "GTC",
  "type": "MARKET",
  "side": "BUY",
  "fills": [
    {
      "price": "43941.45",
      "qty": "0.00429",
      "commission": "0",
      "commissionAsset": "BNB",
      "tradeId": 151848954
    }
  ],
  "isIsolated": false,
  "selfTradePreventionMode": "EXPIRE_MAKER"
}
{
  "symbol": "BTCFDUSD",
  "orderId": 1627919479,
  "clientOrderId": "CAneX5MftqljBDumI5Iq44",
  "transactTime": 1702189799951,
  "price": "0",
  "origQty": "0.00429",
  "executedQty": "0.00429",
  "cummulativeQuoteQty": "188.5088205",
  "status": "FILLED",
  "timeInForce": "GTC",
  "type": "MARKET",
  "side": "BUY",
  "fills": [
    {
      "price": "43941.45",
      "qty": "0.00429",
      "commission": "0",
      "commissionAsset": "BNB",
      "tradeId": 151848954
    }
  ],
  "isIsolated": false,
  "selfTradePreventionMode": "EXPIRE_MAKER"
}symbol BTCFDUSD, bitcoin : 0.00429, stopPrice : 43923.87, limit : 43915.08 
placed stop loss
{
  "symbol": "BTCFDUSD",
  "orderId": 1627919616,
  "clientOrderId": "pGM65lBeS1OmrO5UAnfEDb",
  "transactTime": 1702189800244,
  "isIsolated": false
}


 ***** Sun Dec 10 2023 06:44:58 GMT+0000 (Coordinated Universal Time) *****  

 balance 
{
  "borrowed": 99.63,
  "free": 190.18,
  "error": false,
  "btcFree": 0.00003
}
 fdusd =190.18 , bitcoin = 0.00003 ; 

 Available 190.18 fdusd,borrowed 99.63,  position is OUT.
price is above ma, placing order...
calculating 190.55*0.99/43944.91...Borrowed 99.63, above 50, so crossBuyNormal. 
{
  "symbol": "BTCFDUSD",
  "orderId": 1628023712,
  "clientOrderId": "sokOKeSShAQHvJeI1FKyPq",
  "transactTime": 1702190699286,
  "price": "0",
  "origQty": "0.00429",
  "executedQty": "0.00429",
  "cummulativeQuoteQty": "188.5325871",
  "status": "FILLED",
  "timeInForce": "GTC",
  "type": "MARKET",
  "side": "BUY",
  "fills": [
    {
      "price": "43946.99",
      "qty": "0.00429",
      "commission": "0",
      "commissionAsset": "BNB",
      "tradeId": 151859987
    }
  ],
  "isIsolated": false,
  "selfTradePreventionMode": "EXPIRE_MAKER"
}
{
  "symbol": "BTCFDUSD",
  "orderId": 1628023712,
  "clientOrderId": "sokOKeSShAQHvJeI1FKyPq",
  "transactTime": 1702190699286,
  "price": "0",
  "origQty": "0.00429",
  "executedQty": "0.00429",
  "cummulativeQuoteQty": "188.5325871",
  "status": "FILLED",
  "timeInForce": "GTC",
  "type": "MARKET",
  "side": "BUY",
  "fills": [
    {
      "price": "43946.99",
      "qty": "0.00429",
      "commission": "0",
      "commissionAsset": "BNB",
      "tradeId": 151859987
    }
  ],
  "isIsolated": false,
  "selfTradePreventionMode": "EXPIRE_MAKER"
}symbol BTCFDUSD, bitcoin : 0.00429, stopPrice : 43929.41, limit : 43920.62 
placed stop loss
{
  "symbol": "BTCFDUSD",
  "orderId": 1628023732,
  "clientOrderId": "tLvPVfwcV9W9CbqhCze9JN",
  "transactTime": 1702190699574,
  "isIsolated": false
}


 ***** Sun Dec 10 2023 06:59:58 GMT+0000 (Coordinated Universal Time) *****  

 balance 
{
  "borrowed": 99.63,
  "free": 1.65,
  "error": false,
  "btcFree": 0.00003
}
 fdusd =1.65 , bitcoin = 0.00003 ; 
cancelling SL
[
  {
    "origClientOrderId": "tLvPVfwcV9W9CbqhCze9JN",
    "orderId": 1628023732,
    "clientOrderId": "g18VbaxRZNhBymrUp7mfhr",
    "price": "43920.62000000",
    "origQty": "0.00429000",
    "executedQty": "0.00000000",
    "cummulativeQuoteQty": "0.00000000",
    "status": "CANCELED",
    "timeInForce": "GTC",
    "type": "STOP_LOSS_LIMIT",
    "side": "SELL",
    "symbol": "BTCFDUSD",
    "orderListId": -1,
    "isIsolated": false,
    "selfTradePreventionMode": "EXPIRE_MAKER"
  }
]
cancelOrds
{
  "origClientOrderId": "tLvPVfwcV9W9CbqhCze9JN",
  "orderId": 1628023732,
  "clientOrderId": "g18VbaxRZNhBymrUp7mfhr",
  "price": "43920.62000000",
  "origQty": "0.00429000",
  "executedQty": "0.00000000",
  "cummulativeQuoteQty": "0.00000000",
  "status": "CANCELED",
  "timeInForce": "GTC",
  "type": "STOP_LOSS_LIMIT",
  "side": "SELL",
  "symbol": "BTCFDUSD",
  "orderListId": -1,
  "isIsolated": false,
  "selfTradePreventionMode": "EXPIRE_MAKER"
}
"43920.62000000"
we are placing back the same stop because stop above ma
{"symbol":"BTCFDUSD","orderId":1628128604,"clientOrderId":"frzGfeOyo6IYPXML9qOEgl","transactTime":1702191599838,"isIsolated":false}
 stop is above and ma is below, do nothing


 ***** Sun Dec 10 2023 07:14:58 GMT+0000 (Coordinated Universal Time) *****  

 balance 
{
  "borrowed": 99.63,
  "free": 1.65,
  "error": false,
  "btcFree": 0.00003
}
 fdusd =1.65 , bitcoin = 0.00003 ; 
cancelling SL
[
  {
    "origClientOrderId": "frzGfeOyo6IYPXML9qOEgl",
    "orderId": 1628128604,
    "clientOrderId": "fWchrl84Fbq7Aso53tSWBb",
    "price": "43920.62000000",
    "origQty": "0.00429000",
    "executedQty": "0.00000000",
    "cummulativeQuoteQty": "0.00000000",
    "status": "CANCELED",
    "timeInForce": "GTC",
    "type": "STOP_LOSS_LIMIT",
    "side": "SELL",
    "symbol": "BTCFDUSD",
    "orderListId": -1,
    "isIsolated": false,
    "selfTradePreventionMode": "EXPIRE_MAKER"
  }
]
cancelOrds
{
  "origClientOrderId": "frzGfeOyo6IYPXML9qOEgl",
  "orderId": 1628128604,
  "clientOrderId": "fWchrl84Fbq7Aso53tSWBb",
  "price": "43920.62000000",
  "origQty": "0.00429000",
  "executedQty": "0.00000000",
  "cummulativeQuoteQty": "0.00000000",
  "status": "CANCELED",
  "timeInForce": "GTC",
  "type": "STOP_LOSS_LIMIT",
  "side": "SELL",
  "symbol": "BTCFDUSD",
  "orderListId": -1,
  "isIsolated": false,
  "selfTradePreventionMode": "EXPIRE_MAKER"
}
"43920.62000000"
we are placing back the same stop because stop above ma
{"symbol":"BTCFDUSD","orderId":1628221815,"clientOrderId":"7t6ZWPlyICYvY7qzF6DzC8","transactTime":1702192500215,"isIsolated":false}
 stop is above and ma is below, do nothing


 ***** Sun Dec 10 2023 07:29:58 GMT+0000 (Coordinated Universal Time) *****  

 balance 
{
  "borrowed": 99.63,
  "free": 190.1,
  "error": false,
  "btcFree": 0.00003
}
 fdusd =190.1 , bitcoin = 0.00003 ; 

 Available 190.1 fdusd,borrowed 99.63,  position is OUT.
price is under ma, not buying.


 ***** Sun Dec 10 2023 07:44:58 GMT+0000 (Coordinated Universal Time) *****  

 balance 
{
  "borrowed": 99.63,
  "free": 190.1,
  "error": false,
  "btcFree": 0.00003
}
 fdusd =190.1 , bitcoin = 0.00003 ; 

 Available 190.1 fdusd,borrowed 99.63,  position is OUT.
price is under ma, not buying.


 ***** Sun Dec 10 2023 07:59:58 GMT+0000 (Coordinated Universal Time) *****  

 balance 
{
  "borrowed": 99.63,
  "free": 190.1,
  "error": false,
  "btcFree": 0.00003
}
 fdusd =190.1 , bitcoin = 0.00003 ; 

 Available 190.1 fdusd,borrowed 99.63,  position is OUT.
price is above ma, placing order...
calculating 190.47000000000003*0.99/44007.88...Borrowed 99.63, above 50, so crossBuyNormal. 
{
  "symbol": "BTCFDUSD",
  "orderId": 1628653998,
  "clientOrderId": "ashCxOIzCUtrf6j4weFqUD",
  "transactTime": 1702195199908,
  "price": "0",
  "origQty": "0.00428",
  "executedQty": "0.00428",
  "cummulativeQuoteQty": "188.3616444",
  "status": "FILLED",
  "timeInForce": "GTC",
  "type": "MARKET",
  "side": "BUY",
  "fills": [
    {
      "price": "44009.73",
      "qty": "0.00428",
      "commission": "0",
      "commissionAsset": "BNB",
      "tradeId": 151957413
    }
  ],
  "isIsolated": false,
  "selfTradePreventionMode": "EXPIRE_MAKER"
}
{
  "symbol": "BTCFDUSD",
  "orderId": 1628653998,
  "clientOrderId": "ashCxOIzCUtrf6j4weFqUD",
  "transactTime": 1702195199908,
  "price": "0",
  "origQty": "0.00428",
  "executedQty": "0.00428",
  "cummulativeQuoteQty": "188.3616444",
  "status": "FILLED",
  "timeInForce": "GTC",
  "type": "MARKET",
  "side": "BUY",
  "fills": [
    {
      "price": "44009.73",
      "qty": "0.00428",
      "commission": "0",
      "commissionAsset": "BNB",
      "tradeId": 151957413
    }
  ],
  "isIsolated": false,
  "selfTradePreventionMode": "EXPIRE_MAKER"
}symbol BTCFDUSD, bitcoin : 0.00428, stopPrice : 43992.12, limit : 43983.32 
placed stop loss
{
  "symbol": "BTCFDUSD",
  "orderId": 1628654141,
  "clientOrderId": "E5ktUwHm9iFzibFewm0DkY",
  "transactTime": 1702195200196,
  "isIsolated": false
}


 ***** Sun Dec 10 2023 08:14:58 GMT+0000 (Coordinated Universal Time) *****  

 balance 
{
  "borrowed": 99.63,
  "free": 190.03,
  "error": false,
  "btcFree": 0.00003
}
 fdusd =190.03 , bitcoin = 0.00003 ; 

 Available 190.03 fdusd,borrowed 99.63,  position is OUT.
price is above ma, placing order...
calculating 190.39999999999998*0.99/43970.58...Borrowed 99.63, above 50, so crossBuyNormal. 
{
  "symbol": "BTCFDUSD",
  "orderId": 1628818342,
  "clientOrderId": "N7FUImRFnBr5PZaekMph5w",
  "transactTime": 1702196100655,
  "price": "0",
  "origQty": "0.00428",
  "executedQty": "0.00428",
  "cummulativeQuoteQty": "188.2064088",
  "status": "FILLED",
  "timeInForce": "GTC",
  "type": "MARKET",
  "side": "BUY",
  "fills": [
    {
      "price": "43973.46",
      "qty": "0.00428",
      "commission": "0",
      "commissionAsset": "BNB",
      "tradeId": 151983781
    }
  ],
  "isIsolated": false,
  "selfTradePreventionMode": "EXPIRE_MAKER"
}
{
  "symbol": "BTCFDUSD",
  "orderId": 1628818342,
  "clientOrderId": "N7FUImRFnBr5PZaekMph5w",
  "transactTime": 1702196100655,
  "price": "0",
  "origQty": "0.00428",
  "executedQty": "0.00428",
  "cummulativeQuoteQty": "188.2064088",
  "status": "FILLED",
  "timeInForce": "GTC",
  "type": "MARKET",
  "side": "BUY",
  "fills": [
    {
      "price": "43973.46",
      "qty": "0.00428",
      "commission": "0",
      "commissionAsset": "BNB",
      "tradeId": 151983781
    }
  ],
  "isIsolated": false,
  "selfTradePreventionMode": "EXPIRE_MAKER"
}symbol BTCFDUSD, bitcoin : 0.00428, stopPrice : 43955.87, limit : 43947.07 
placed stop loss
{
  "symbol": "BTCFDUSD",
  "orderId": 1628818486,
  "clientOrderId": "olynFlEKq2L4oBvrtet3dR",
  "transactTime": 1702196101428,
  "isIsolated": false
}


 ***** Sun Dec 10 2023 08:29:58 GMT+0000 (Coordinated Universal Time) *****  

 balance 
{
  "borrowed": 99.63,
  "free": 189.95,
  "error": false,
  "btcFree": 0.00003
}
 fdusd =189.95 , bitcoin = 0.00003 ; 

 Available 189.95 fdusd,borrowed 99.63,  position is OUT.
price is under ma, not buying.


 ***** Sun Dec 10 2023 08:44:58 GMT+0000 (Coordinated Universal Time) *****  

 balance 
{
  "borrowed": 99.63,
  "free": 189.95,
  "error": false,
  "btcFree": 0.00003
}
 fdusd =189.95 , bitcoin = 0.00003 ; 

 Available 189.95 fdusd,borrowed 99.63,  position is OUT.
price is under ma, not buying.


 ***** Sun Dec 10 2023 08:59:58 GMT+0000 (Coordinated Universal Time) *****  

 balance 
{
  "borrowed": 99.63,
  "free": 189.95,
  "error": false,
  "btcFree": 0.00003
}
 fdusd =189.95 , bitcoin = 0.00003 ; 

 Available 189.95 fdusd,borrowed 99.63,  position is OUT.
price is under ma, not buying.


 ***** Sun Dec 10 2023 09:14:58 GMT+0000 (Coordinated Universal Time) *****  

 balance 
{
  "borrowed": 99.63,
  "free": 189.95,
  "error": false,
  "btcFree": 0.00003
}
 fdusd =189.95 , bitcoin = 0.00003 ; 

 Available 189.95 fdusd,borrowed 99.63,  position is OUT.
price is under ma, not buying.


 ***** Sun Dec 10 2023 09:29:58 GMT+0000 (Coordinated Universal Time) *****  

 balance 
{
  "borrowed": 99.63,
  "free": 189.95,
  "error": false,
  "btcFree": 0.00003
}
 fdusd =189.95 , bitcoin = 0.00003 ; 

 Available 189.95 fdusd,borrowed 99.63,  position is OUT.
price is under ma, not buying.


 ***** Sun Dec 10 2023 09:44:58 GMT+0000 (Coordinated Universal Time) *****  

 balance 
{
  "borrowed": 99.63,
  "free": 189.95,
  "error": false,
  "btcFree": 0.00003
}
 fdusd =189.95 , bitcoin = 0.00003 ; 

 Available 189.95 fdusd,borrowed 99.63,  position is OUT.
price is under ma, not buying.


 ***** Sun Dec 10 2023 09:59:58 GMT+0000 (Coordinated Universal Time) *****  

 balance 
{
  "borrowed": 99.63,
  "free": 189.95,
  "error": false,
  "btcFree": 0.00003
}
 fdusd =189.95 , bitcoin = 0.00003 ; 

 Available 189.95 fdusd,borrowed 99.63,  position is OUT.
price is under ma, not buying.


 ***** Sun Dec 10 2023 10:14:58 GMT+0000 (Coordinated Universal Time) *****  

 balance 
{
  "borrowed": 99.63,
  "free": 189.95,
  "error": false,
  "btcFree": 0.00003
}
 fdusd =189.95 , bitcoin = 0.00003 ; 

 Available 189.95 fdusd,borrowed 99.63,  position is OUT.
price is under ma, not buying.


 ***** Sun Dec 10 2023 10:29:58 GMT+0000 (Coordinated Universal Time) *****  

 balance 
{
  "borrowed": 99.63,
  "free": 189.95,
  "error": false,
  "btcFree": 0.00003
}
 fdusd =189.95 , bitcoin = 0.00003 ; 

 Available 189.95 fdusd,borrowed 99.63,  position is OUT.
price is under ma, not buying.


 ***** Sun Dec 10 2023 10:44:58 GMT+0000 (Coordinated Universal Time) *****  

 balance 
{
  "borrowed": 99.63,
  "free": 189.95,
  "error": false,
  "btcFree": 0.00003
}
 fdusd =189.95 , bitcoin = 0.00003 ; 

 Available 189.95 fdusd,borrowed 99.63,  position is OUT.
price is under ma, not buying.


 ***** Sun Dec 10 2023 10:59:58 GMT+0000 (Coordinated Universal Time) *****  

 balance 
{
  "borrowed": 99.63,
  "free": 189.95,
  "error": false,
  "btcFree": 0.00003
}
 fdusd =189.95 , bitcoin = 0.00003 ; 

 Available 189.95 fdusd,borrowed 99.63,  position is OUT.
price is under ma, not buying.


 ***** Sun Dec 10 2023 11:14:58 GMT+0000 (Coordinated Universal Time) *****  

 balance 
{
  "borrowed": 99.63,
  "free": 189.95,
  "error": false,
  "btcFree": 0.00003
}
 fdusd =189.95 , bitcoin = 0.00003 ; 

 Available 189.95 fdusd,borrowed 99.63,  position is OUT.
price is under ma, not buying.


 ***** Sun Dec 10 2023 11:29:58 GMT+0000 (Coordinated Universal Time) *****  

 balance 
{
  "borrowed": 99.63,
  "free": 189.95,
  "error": false,
  "btcFree": 0.00003
}
 fdusd =189.95 , bitcoin = 0.00003 ; 

 Available 189.95 fdusd,borrowed 99.63,  position is OUT.
price is under ma, not buying.


 ***** Sun Dec 10 2023 11:44:58 GMT+0000 (Coordinated Universal Time) *****  

 balance 
{
  "borrowed": 99.63,
  "free": 189.95,
  "error": false,
  "btcFree": 0.00003
}
 fdusd =189.95 , bitcoin = 0.00003 ; 

 Available 189.95 fdusd,borrowed 99.63,  position is OUT.
price is under ma, not buying.


 ***** Sun Dec 10 2023 11:59:58 GMT+0000 (Coordinated Universal Time) *****  

 balance 
{
  "borrowed": 99.63,
  "free": 189.95,
  "error": false,
  "btcFree": 0.00003
}
 fdusd =189.95 , bitcoin = 0.00003 ; 

 Available 189.95 fdusd,borrowed 99.63,  position is OUT.
price is under ma, not buying.


 ***** Sun Dec 10 2023 12:14:58 GMT+0000 (Coordinated Universal Time) *****  

 balance 
{
  "borrowed": 99.63,
  "free": 189.95,
  "error": false,
  "btcFree": 0.00003
}
 fdusd =189.95 , bitcoin = 0.00003 ; 

 Available 189.95 fdusd,borrowed 99.63,  position is OUT.
price is under ma, not buying.


 ***** Sun Dec 10 2023 12:29:58 GMT+0000 (Coordinated Universal Time) *****  

 balance 
{
  "borrowed": 99.63,
  "free": 189.95,
  "error": false,
  "btcFree": 0.00003
}
 fdusd =189.95 , bitcoin = 0.00003 ; 

 Available 189.95 fdusd,borrowed 99.63,  position is OUT.
price is under ma, not buying.


 ***** Sun Dec 10 2023 12:44:58 GMT+0000 (Coordinated Universal Time) *****  

 balance 
{
  "borrowed": 99.63,
  "free": 189.95,
  "error": false,
  "btcFree": 0.00003
}
 fdusd =189.95 , bitcoin = 0.00003 ; 

 Available 189.95 fdusd,borrowed 99.63,  position is OUT.
price is under ma, not buying.


 ***** Sun Dec 10 2023 12:59:58 GMT+0000 (Coordinated Universal Time) *****  

 balance 
{
  "borrowed": 99.63,
  "free": 189.95,
  "error": false,
  "btcFree": 0.00003
}
 fdusd =189.95 , bitcoin = 0.00003 ; 

 Available 189.95 fdusd,borrowed 99.63,  position is OUT.
price is above ma, placing order...
calculating 190.32*0.99/43916.09...Borrowed 99.63, above 50, so crossBuyNormal. 
{
  "symbol": "BTCFDUSD",
  "orderId": 1632000310,
  "clientOrderId": "tpDgsMgw6MwO8lee65D2LT",
  "transactTime": 1702213199950,
  "price": "0",
  "origQty": "0.00429",
  "executedQty": "0.00429",
  "cummulativeQuoteQty": "188.4067185",
  "status": "FILLED",
  "timeInForce": "GTC",
  "type": "MARKET",
  "side": "BUY",
  "fills": [
    {
      "price": "43917.65",
      "qty": "0.00429",
      "commission": "0",
      "commissionAsset": "BNB",
      "tradeId": 152399408
    }
  ],
  "isIsolated": false,
  "selfTradePreventionMode": "EXPIRE_MAKER"
}
{
  "symbol": "BTCFDUSD",
  "orderId": 1632000310,
  "clientOrderId": "tpDgsMgw6MwO8lee65D2LT",
  "transactTime": 1702213199950,
  "price": "0",
  "origQty": "0.00429",
  "executedQty": "0.00429",
  "cummulativeQuoteQty": "188.4067185",
  "status": "FILLED",
  "timeInForce": "GTC",
  "type": "MARKET",
  "side": "BUY",
  "fills": [
    {
      "price": "43917.65",
      "qty": "0.00429",
      "commission": "0",
      "commissionAsset": "BNB",
      "tradeId": 152399408
    }
  ],
  "isIsolated": false,
  "selfTradePreventionMode": "EXPIRE_MAKER"
}symbol BTCFDUSD, bitcoin : 0.00429, stopPrice : 43900.08, limit : 43891.29 
placed stop loss
{
  "symbol": "BTCFDUSD",
  "orderId": 1632000390,
  "clientOrderId": "BZBiI39TPlKDySmo1rvLam",
  "transactTime": 1702213200247,
  "isIsolated": false
}


 ***** Sun Dec 10 2023 13:14:58 GMT+0000 (Coordinated Universal Time) *****  

 balance 
{
  "borrowed": 99.63,
  "free": 189.87,
  "error": false,
  "btcFree": 0.00003
}
 fdusd =189.87 , bitcoin = 0.00003 ; 

 Available 189.87 fdusd,borrowed 99.63,  position is OUT.
price is under ma, not buying.


 ***** Sun Dec 10 2023 13:29:58 GMT+0000 (Coordinated Universal Time) *****  

 balance 
{
  "borrowed": 99.63,
  "free": 189.87,
  "error": false,
  "btcFree": 0.00003
}
 fdusd =189.87 , bitcoin = 0.00003 ; 

 Available 189.87 fdusd,borrowed 99.63,  position is OUT.
price is under ma, not buying.


 ***** Sun Dec 10 2023 13:44:58 GMT+0000 (Coordinated Universal Time) *****  

 balance 
{
  "borrowed": 99.63,
  "free": 189.87,
  "error": false,
  "btcFree": 0.00003
}
 fdusd =189.87 , bitcoin = 0.00003 ; 

 Available 189.87 fdusd,borrowed 99.63,  position is OUT.
price is above ma, placing order...
calculating 190.24*0.99/43893.87...Borrowed 99.63, above 50, so crossBuyNormal. 
{
  "symbol": "BTCFDUSD",
  "orderId": 1632440252,
  "clientOrderId": "GQIxIMJROvGESU9UHCm6rt",
  "transactTime": 1702215899351,
  "price": "0",
  "origQty": "0.00429",
  "executedQty": "0.00429",
  "cummulativeQuoteQty": "188.3125101",
  "status": "FILLED",
  "timeInForce": "GTC",
  "type": "MARKET",
  "side": "BUY",
  "fills": [
    {
      "price": "43895.69",
      "qty": "0.00429",
      "commission": "0",
      "commissionAsset": "BNB",
      "tradeId": 152454630
    }
  ],
  "isIsolated": false,
  "selfTradePreventionMode": "EXPIRE_MAKER"
}
{
  "symbol": "BTCFDUSD",
  "orderId": 1632440252,
  "clientOrderId": "GQIxIMJROvGESU9UHCm6rt",
  "transactTime": 1702215899351,
  "price": "0",
  "origQty": "0.00429",
  "executedQty": "0.00429",
  "cummulativeQuoteQty": "188.3125101",
  "status": "FILLED",
  "timeInForce": "GTC",
  "type": "MARKET",
  "side": "BUY",
  "fills": [
    {
      "price": "43895.69",
      "qty": "0.00429",
      "commission": "0",
      "commissionAsset": "BNB",
      "tradeId": 152454630
    }
  ],
  "isIsolated": false,
  "selfTradePreventionMode": "EXPIRE_MAKER"
}symbol BTCFDUSD, bitcoin : 0.00429, stopPrice : 43878.13, limit : 43869.35 
placed stop loss
{
  "symbol": "BTCFDUSD",
  "orderId": 1632440287,
  "clientOrderId": "n7wi7w9iNYVRv3TKO7sIHQ",
  "transactTime": 1702215899644,
  "isIsolated": false
}


 ***** Sun Dec 10 2023 13:59:58 GMT+0000 (Coordinated Universal Time) *****  

 balance 
{
  "borrowed": 99.63,
  "free": 189.79,
  "error": false,
  "btcFree": 0.00003
}
 fdusd =189.79 , bitcoin = 0.00003 ; 

 Available 189.79 fdusd,borrowed 99.63,  position is OUT.
price is under ma, not buying.


 ***** Sun Dec 10 2023 14:14:58 GMT+0000 (Coordinated Universal Time) *****  

 balance 
{
  "borrowed": 99.63,
  "free": 189.79,
  "error": false,
  "btcFree": 0.00003
}
 fdusd =189.79 , bitcoin = 0.00003 ; 

 Available 189.79 fdusd,borrowed 99.63,  position is OUT.
price is under ma, not buying.


 ***** Sun Dec 10 2023 14:29:58 GMT+0000 (Coordinated Universal Time) *****  

 balance 
{
  "borrowed": 99.63,
  "free": 189.79,
  "error": false,
  "btcFree": 0.00003
}
 fdusd =189.79 , bitcoin = 0.00003 ; 

 Available 189.79 fdusd,borrowed 99.63,  position is OUT.
price is under ma, not buying.


 ***** Sun Dec 10 2023 14:44:58 GMT+0000 (Coordinated Universal Time) *****  

 balance 
{
  "borrowed": 99.63,
  "free": 189.79,
  "error": false,
  "btcFree": 0.00003
}
 fdusd =189.79 , bitcoin = 0.00003 ; 

 Available 189.79 fdusd,borrowed 99.63,  position is OUT.
price is under ma, not buying.


 ***** Sun Dec 10 2023 14:59:58 GMT+0000 (Coordinated Universal Time) *****  

 balance 
{
  "borrowed": 99.63,
  "free": 189.79,
  "error": false,
  "btcFree": 0.00003
}
 fdusd =189.79 , bitcoin = 0.00003 ; 

 Available 189.79 fdusd,borrowed 99.63,  position is OUT.
price is under ma, not buying.


 ***** Sun Dec 10 2023 15:14:58 GMT+0000 (Coordinated Universal Time) *****  

 balance 
{
  "borrowed": 99.63,
  "free": 189.79,
  "error": false,
  "btcFree": 0.00003
}
 fdusd =189.79 , bitcoin = 0.00003 ; 

 Available 189.79 fdusd,borrowed 99.63,  position is OUT.
price is under ma, not buying.


 ***** Sun Dec 10 2023 15:29:58 GMT+0000 (Coordinated Universal Time) *****  

 balance 
{
  "borrowed": 99.63,
  "free": 189.79,
  "error": false,
  "btcFree": 0.00003
}
 fdusd =189.79 , bitcoin = 0.00003 ; 

 Available 189.79 fdusd,borrowed 99.63,  position is OUT.
price is under ma, not buying.


 ***** Sun Dec 10 2023 15:44:58 GMT+0000 (Coordinated Universal Time) *****  

 balance 
{
  "borrowed": 99.63,
  "free": 189.79,
  "error": false,
  "btcFree": 0.00003
}
 fdusd =189.79 , bitcoin = 0.00003 ; 

 Available 189.79 fdusd,borrowed 99.63,  position is OUT.
price is above ma, placing order...
calculating 190.15999999999997*0.99/43977.7...Borrowed 99.63, above 50, so crossBuyNormal. 
{
  "symbol": "BTCFDUSD",
  "orderId": 1633691167,
  "clientOrderId": "t4sOrptUQVzvVuGgMtfrh0",
  "transactTime": 1702223099859,
  "price": "0",
  "origQty": "0.00428",
  "executedQty": "0.00428",
  "cummulativeQuoteQty": "188.2221324",
  "status": "FILLED",
  "timeInForce": "GTC",
  "type": "MARKET",
  "side": "BUY",
  "fills": [
    {
      "price": "43975.47",
      "qty": "0.00035",
      "commission": "0",
      "commissionAsset": "BNB",
      "tradeId": 152629097
    },
    {
      "price": "43976.79",
      "qty": "0.00035",
      "commission": "0",
      "commissionAsset": "BNB",
      "tradeId": 152629098
    },
    {
      "price": "43977.33",
      "qty": "0.00358",
      "commission": "0",
      "commissionAsset": "BNB",
      "tradeId": 152629099
    }
  ],
  "isIsolated": false,
  "selfTradePreventionMode": "EXPIRE_MAKER"
}
{
  "symbol": "BTCFDUSD",
  "orderId": 1633691167,
  "clientOrderId": "t4sOrptUQVzvVuGgMtfrh0",
  "transactTime": 1702223099859,
  "price": "0",
  "origQty": "0.00428",
  "executedQty": "0.00428",
  "cummulativeQuoteQty": "188.2221324",
  "status": "FILLED",
  "timeInForce": "GTC",
  "type": "MARKET",
  "side": "BUY",
  "fills": [
    {
      "price": "43975.47",
      "qty": "0.00035",
      "commission": "0",
      "commissionAsset": "BNB",
      "tradeId": 152629097
    },
    {
      "price": "43976.79",
      "qty": "0.00035",
      "commission": "0",
      "commissionAsset": "BNB",
      "tradeId": 152629098
    },
    {
      "price": "43977.33",
      "qty": "0.00358",
      "commission": "0",
      "commissionAsset": "BNB",
      "tradeId": 152629099
    }
  ],
  "isIsolated": false,
  "selfTradePreventionMode": "EXPIRE_MAKER"
}symbol BTCFDUSD, bitcoin : 0.00428, stopPrice : 43959.53, limit : 43950.74 
placed stop loss
{
  "symbol": "BTCFDUSD",
  "orderId": 1633691235,
  "clientOrderId": "nRgtXqm1vgtDIDDVjgsqaB",
  "transactTime": 1702223100152,
  "isIsolated": false
}


 ***** Sun Dec 10 2023 15:59:58 GMT+0000 (Coordinated Universal Time) *****  

 balance 
{
  "borrowed": 99.63,
  "free": 189.72,
  "error": false,
  "btcFree": 0.00003
}
 fdusd =189.72 , bitcoin = 0.00003 ; 

 Available 189.72 fdusd,borrowed 99.63,  position is OUT.
price is above ma, placing order...
calculating 190.09000000000003*0.99/43935.34...Borrowed 99.63, above 50, so crossBuyNormal. 
{
  "symbol": "BTCFDUSD",
  "orderId": 1633837421,
  "clientOrderId": "ma8gDdz7t9edrMvjwmLWYG",
  "transactTime": 1702224000222,
  "price": "0",
  "origQty": "0.00428",
  "executedQty": "0.00428",
  "cummulativeQuoteQty": "188.0483912",
  "status": "FILLED",
  "timeInForce": "GTC",
  "type": "MARKET",
  "side": "BUY",
  "fills": [
    {
      "price": "43936.54",
      "qty": "0.00428",
      "commission": "0",
      "commissionAsset": "BNB",
      "tradeId": 152651704
    }
  ],
  "isIsolated": false,
  "selfTradePreventionMode": "EXPIRE_MAKER"
}
{
  "symbol": "BTCFDUSD",
  "orderId": 1633837421,
  "clientOrderId": "ma8gDdz7t9edrMvjwmLWYG",
  "transactTime": 1702224000222,
  "price": "0",
  "origQty": "0.00428",
  "executedQty": "0.00428",
  "cummulativeQuoteQty": "188.0483912",
  "status": "FILLED",
  "timeInForce": "GTC",
  "type": "MARKET",
  "side": "BUY",
  "fills": [
    {
      "price": "43936.54",
      "qty": "0.00428",
      "commission": "0",
      "commissionAsset": "BNB",
      "tradeId": 152651704
    }
  ],
  "isIsolated": false,
  "selfTradePreventionMode": "EXPIRE_MAKER"
}symbol BTCFDUSD, bitcoin : 0.00428, stopPrice : 43918.96, limit : 43910.17 
placed stop loss
{
  "symbol": "BTCFDUSD",
  "orderId": 1633837481,
  "clientOrderId": "wz1m2BbKbTW3sIy1zdN3Ov",
  "transactTime": 1702224000506,
  "isIsolated": false
}


 ***** Sun Dec 10 2023 16:14:58 GMT+0000 (Coordinated Universal Time) *****  

 balance 
{
  "borrowed": 99.63,
  "free": 189.64,
  "error": false,
  "btcFree": 0.00003
}
 fdusd =189.64 , bitcoin = 0.00003 ; 

 Available 189.64 fdusd,borrowed 99.63,  position is OUT.
price is above ma, placing order...
calculating 190.01*0.99/43924.59...Borrowed 99.63, above 50, so crossBuyNormal. 
{
  "symbol": "BTCFDUSD",
  "orderId": 1633957340,
  "clientOrderId": "o368ZmbwESnbh6kPfqSB3h",
  "transactTime": 1702224899587,
  "price": "0",
  "origQty": "0.00428",
  "executedQty": "0.00428",
  "cummulativeQuoteQty": "188.00221",
  "status": "FILLED",
  "timeInForce": "GTC",
  "type": "MARKET",
  "side": "BUY",
  "fills": [
    {
      "price": "43925.75",
      "qty": "0.00428",
      "commission": "0",
      "commissionAsset": "BNB",
      "tradeId": 152666817
    }
  ],
  "isIsolated": false,
  "selfTradePreventionMode": "EXPIRE_MAKER"
}
{
  "symbol": "BTCFDUSD",
  "orderId": 1633957340,
  "clientOrderId": "o368ZmbwESnbh6kPfqSB3h",
  "transactTime": 1702224899587,
  "price": "0",
  "origQty": "0.00428",
  "executedQty": "0.00428",
  "cummulativeQuoteQty": "188.00221",
  "status": "FILLED",
  "timeInForce": "GTC",
  "type": "MARKET",
  "side": "BUY",
  "fills": [
    {
      "price": "43925.75",
      "qty": "0.00428",
      "commission": "0",
      "commissionAsset": "BNB",
      "tradeId": 152666817
    }
  ],
  "isIsolated": false,
  "selfTradePreventionMode": "EXPIRE_MAKER"
}symbol BTCFDUSD, bitcoin : 0.00428, stopPrice : 43908.17, limit : 43899.39 
placed stop loss
{
  "symbol": "BTCFDUSD",
  "orderId": 1633957349,
  "clientOrderId": "lEBMrO51RLlUy0tANW9kq1",
  "transactTime": 1702224899898,
  "isIsolated": false
}


 ***** Sun Dec 10 2023 16:29:58 GMT+0000 (Coordinated Universal Time) *****  

 balance 
{
  "borrowed": 99.63,
  "free": 189.56,
  "error": false,
  "btcFree": 0.00003
}
 fdusd =189.56 , bitcoin = 0.00003 ; 

 Available 189.56 fdusd,borrowed 99.63,  position is OUT.
price is under ma, not buying.


 ***** Sun Dec 10 2023 16:44:58 GMT+0000 (Coordinated Universal Time) *****  

 balance 
{
  "borrowed": 99.63,
  "free": 189.56,
  "error": false,
  "btcFree": 0.00003
}
 fdusd =189.56 , bitcoin = 0.00003 ; 

 Available 189.56 fdusd,borrowed 99.63,  position is OUT.
price is under ma, not buying.


 ***** Sun Dec 10 2023 16:59:58 GMT+0000 (Coordinated Universal Time) *****  

 balance 
{
  "borrowed": 99.63,
  "free": 189.56,
  "error": false,
  "btcFree": 0.00003
}
 fdusd =189.56 , bitcoin = 0.00003 ; 

 Available 189.56 fdusd,borrowed 99.63,  position is OUT.
price is under ma, not buying.


 ***** Sun Dec 10 2023 17:14:58 GMT+0000 (Coordinated Universal Time) *****  

 balance 
{
  "borrowed": 99.63,
  "free": 189.56,
  "error": false,
  "btcFree": 0.00003
}
 fdusd =189.56 , bitcoin = 0.00003 ; 

 Available 189.56 fdusd,borrowed 99.63,  position is OUT.
price is under ma, not buying.


 ***** Sun Dec 10 2023 17:29:58 GMT+0000 (Coordinated Universal Time) *****  

 balance 
{
  "borrowed": 99.63,
  "free": 189.56,
  "error": false,
  "btcFree": 0.00003
}
 fdusd =189.56 , bitcoin = 0.00003 ; 

 Available 189.56 fdusd,borrowed 99.63,  position is OUT.
price is under ma, not buying.


 ***** Sun Dec 10 2023 17:44:58 GMT+0000 (Coordinated Universal Time) *****  

 balance 
{
  "borrowed": 99.63,
  "free": 189.56,
  "error": false,
  "btcFree": 0.00003
}
 fdusd =189.56 , bitcoin = 0.00003 ; 

 Available 189.56 fdusd,borrowed 99.63,  position is OUT.
price is under ma, not buying.


 ***** Sun Dec 10 2023 17:59:58 GMT+0000 (Coordinated Universal Time) *****  

 balance 
{
  "borrowed": 99.63,
  "free": 189.56,
  "error": false,
  "btcFree": 0.00003
}
 fdusd =189.56 , bitcoin = 0.00003 ; 

 Available 189.56 fdusd,borrowed 99.63,  position is OUT.
price is under ma, not buying.


 ***** Sun Dec 10 2023 18:14:58 GMT+0000 (Coordinated Universal Time) *****  

 balance 
{
  "borrowed": 99.63,
  "free": 189.56,
  "error": false,
  "btcFree": 0.00003
}
 fdusd =189.56 , bitcoin = 0.00003 ; 

 Available 189.56 fdusd,borrowed 99.63,  position is OUT.
price is under ma, not buying.


 ***** Sun Dec 10 2023 18:29:58 GMT+0000 (Coordinated Universal Time) *****  

 balance 
{
  "borrowed": 99.63,
  "free": 189.56,
  "error": false,
  "btcFree": 0.00003
}
 fdusd =189.56 , bitcoin = 0.00003 ; 

 Available 189.56 fdusd,borrowed 99.63,  position is OUT.
price is under ma, not buying.


 ***** Sun Dec 10 2023 18:44:58 GMT+0000 (Coordinated Universal Time) *****  

 balance 
{
  "borrowed": 99.63,
  "free": 189.56,
  "error": false,
  "btcFree": 0.00003
}
 fdusd =189.56 , bitcoin = 0.00003 ; 

 Available 189.56 fdusd,borrowed 99.63,  position is OUT.
price is under ma, not buying.


 ***** Sun Dec 10 2023 18:59:58 GMT+0000 (Coordinated Universal Time) *****  

 balance 
{
  "borrowed": 99.63,
  "free": 189.56,
  "error": false,
  "btcFree": 0.00003
}
 fdusd =189.56 , bitcoin = 0.00003 ; 

 Available 189.56 fdusd,borrowed 99.63,  position is OUT.
price is under ma, not buying.


 ***** Sun Dec 10 2023 19:14:58 GMT+0000 (Coordinated Universal Time) *****  

 balance 
{
  "borrowed": 99.63,
  "free": 189.56,
  "error": false,
  "btcFree": 0.00003
}
 fdusd =189.56 , bitcoin = 0.00003 ; 

 Available 189.56 fdusd,borrowed 99.63,  position is OUT.
price is under ma, not buying.


 ***** Sun Dec 10 2023 19:29:58 GMT+0000 (Coordinated Universal Time) *****  

 balance 
{
  "borrowed": 99.63,
  "free": 189.56,
  "error": false,
  "btcFree": 0.00003
}
 fdusd =189.56 , bitcoin = 0.00003 ; 

 Available 189.56 fdusd,borrowed 99.63,  position is OUT.
price is under ma, not buying.


 ***** Sun Dec 10 2023 19:44:58 GMT+0000 (Coordinated Universal Time) *****  

 balance 
{
  "borrowed": 99.63,
  "free": 189.56,
  "error": false,
  "btcFree": 0.00003
}
 fdusd =189.56 , bitcoin = 0.00003 ; 

 Available 189.56 fdusd,borrowed 99.63,  position is OUT.
price is under ma, not buying.


 ***** Sun Dec 10 2023 19:59:58 GMT+0000 (Coordinated Universal Time) *****  

 balance 
{
  "borrowed": 99.63,
  "free": 189.56,
  "error": false,
  "btcFree": 0.00003
}
 fdusd =189.56 , bitcoin = 0.00003 ; 

 Available 189.56 fdusd,borrowed 99.63,  position is OUT.
price is under ma, not buying.


 ***** Sun Dec 10 2023 20:14:58 GMT+0000 (Coordinated Universal Time) *****  

 balance 
{
  "borrowed": 99.63,
  "free": 189.56,
  "error": false,
  "btcFree": 0.00003
}
 fdusd =189.56 , bitcoin = 0.00003 ; 

 Available 189.56 fdusd,borrowed 99.63,  position is OUT.
price is under ma, not buying.


 ***** Sun Dec 10 2023 20:29:58 GMT+0000 (Coordinated Universal Time) *****  

 balance 
{
  "borrowed": 99.63,
  "free": 189.56,
  "error": false,
  "btcFree": 0.00003
}
 fdusd =189.56 , bitcoin = 0.00003 ; 

 Available 189.56 fdusd,borrowed 99.63,  position is OUT.
price is under ma, not buying.


 ***** Sun Dec 10 2023 20:44:58 GMT+0000 (Coordinated Universal Time) *****  

 balance 
{
  "borrowed": 99.63,
  "free": 189.56,
  "error": false,
  "btcFree": 0.00003
}
 fdusd =189.56 , bitcoin = 0.00003 ; 

 Available 189.56 fdusd,borrowed 99.63,  position is OUT.
price is above ma, placing order...
calculating 189.93*0.99/43980.9...Borrowed 99.63, above 50, so crossBuyNormal. 
{
  "symbol": "BTCFDUSD",
  "orderId": 1636039847,
  "clientOrderId": "jyCigOvmv3W0jpihuLZ5E8",
  "transactTime": 1702241099403,
  "price": "0",
  "origQty": "0.00427",
  "executedQty": "0.00427",
  "cummulativeQuoteQty": "187.7945573",
  "status": "FILLED",
  "timeInForce": "GTC",
  "type": "MARKET",
  "side": "BUY",
  "fills": [
    {
      "price": "43979.99",
      "qty": "0.00427",
      "commission": "0",
      "commissionAsset": "BNB",
      "tradeId": 152917531
    }
  ],
  "isIsolated": false,
  "selfTradePreventionMode": "EXPIRE_MAKER"
}
{
  "symbol": "BTCFDUSD",
  "orderId": 1636039847,
  "clientOrderId": "jyCigOvmv3W0jpihuLZ5E8",
  "transactTime": 1702241099403,
  "price": "0",
  "origQty": "0.00427",
  "executedQty": "0.00427",
  "cummulativeQuoteQty": "187.7945573",
  "status": "FILLED",
  "timeInForce": "GTC",
  "type": "MARKET",
  "side": "BUY",
  "fills": [
    {
      "price": "43979.99",
      "qty": "0.00427",
      "commission": "0",
      "commissionAsset": "BNB",
      "tradeId": 152917531
    }
  ],
  "isIsolated": false,
  "selfTradePreventionMode": "EXPIRE_MAKER"
}symbol BTCFDUSD, bitcoin : 0.00427, stopPrice : 43962.39, limit : 43953.6 
placed stop loss
{
  "symbol": "BTCFDUSD",
  "orderId": 1636039911,
  "clientOrderId": "ofj7Y3bQ5DnaBNwzTRsozD",
  "transactTime": 1702241099755,
  "isIsolated": false
}


 ***** Sun Dec 10 2023 20:59:58 GMT+0000 (Coordinated Universal Time) *****  

 balance 
{
  "borrowed": 99.63,
  "free": 189.48,
  "error": false,
  "btcFree": 0.00003
}
 fdusd =189.48 , bitcoin = 0.00003 ; 

 Available 189.48 fdusd,borrowed 99.63,  position is OUT.
price is above ma, placing order...
calculating 189.85000000000002*0.99/43995.87...Borrowed 99.63, above 50, so crossBuyNormal. 
{
  "symbol": "BTCFDUSD",
  "orderId": 1636161370,
  "clientOrderId": "aHztuyMUzwJFuuWJ7VCaEQ",
  "transactTime": 1702242000241,
  "price": "0",
  "origQty": "0.00427",
  "executedQty": "0.00427",
  "cummulativeQuoteQty": "187.8685137",
  "status": "FILLED",
  "timeInForce": "GTC",
  "type": "MARKET",
  "side": "BUY",
  "fills": [
    {
      "price": "43997.31",
      "qty": "0.00427",
      "commission": "0",
      "commissionAsset": "BNB",
      "tradeId": 152945577
    }
  ],
  "isIsolated": false,
  "selfTradePreventionMode": "EXPIRE_MAKER"
}
{
  "symbol": "BTCFDUSD",
  "orderId": 1636161370,
  "clientOrderId": "aHztuyMUzwJFuuWJ7VCaEQ",
  "transactTime": 1702242000241,
  "price": "0",
  "origQty": "0.00427",
  "executedQty": "0.00427",
  "cummulativeQuoteQty": "187.8685137",
  "status": "FILLED",
  "timeInForce": "GTC",
  "type": "MARKET",
  "side": "BUY",
  "fills": [
    {
      "price": "43997.31",
      "qty": "0.00427",
      "commission": "0",
      "commissionAsset": "BNB",
      "tradeId": 152945577
    }
  ],
  "isIsolated": false,
  "selfTradePreventionMode": "EXPIRE_MAKER"
}symbol BTCFDUSD, bitcoin : 0.00427, stopPrice : 43979.71, limit : 43970.91 
placed stop loss
{
  "symbol": "BTCFDUSD",
  "orderId": 1636161431,
  "clientOrderId": "YaUcObmcSziXGSNV5VGisR",
  "transactTime": 1702242000528,
  "isIsolated": false
}


 ***** Sun Dec 10 2023 21:14:58 GMT+0000 (Coordinated Universal Time) *****  

 balance 
{
  "borrowed": 99.63,
  "free": 189.4,
  "error": false,
  "btcFree": 0.00003
}
 fdusd =189.4 , bitcoin = 0.00003 ; 

 Available 189.4 fdusd,borrowed 99.63,  position is OUT.
price is above ma, placing order...
calculating 189.76999999999998*0.99/44023.18...Borrowed 99.63, above 50, so crossBuyNormal. 
{
  "symbol": "BTCFDUSD",
  "orderId": 1636335854,
  "clientOrderId": "NNqgL0CkSohZYWcz5KRzEI",
  "transactTime": 1702242900088,
  "price": "0",
  "origQty": "0.00426",
  "executedQty": "0.00426",
  "cummulativeQuoteQty": "187.5325272",
  "status": "FILLED",
  "timeInForce": "GTC",
  "type": "MARKET",
  "side": "BUY",
  "fills": [
    {
      "price": "44021.72",
      "qty": "0.00426",
      "commission": "0",
      "commissionAsset": "BNB",
      "tradeId": 152987085
    }
  ],
  "isIsolated": false,
  "selfTradePreventionMode": "EXPIRE_MAKER"
}
{
  "symbol": "BTCFDUSD",
  "orderId": 1636335854,
  "clientOrderId": "NNqgL0CkSohZYWcz5KRzEI",
  "transactTime": 1702242900088,
  "price": "0",
  "origQty": "0.00426",
  "executedQty": "0.00426",
  "cummulativeQuoteQty": "187.5325272",
  "status": "FILLED",
  "timeInForce": "GTC",
  "type": "MARKET",
  "side": "BUY",
  "fills": [
    {
      "price": "44021.72",
      "qty": "0.00426",
      "commission": "0",
      "commissionAsset": "BNB",
      "tradeId": 152987085
    }
  ],
  "isIsolated": false,
  "selfTradePreventionMode": "EXPIRE_MAKER"
}symbol BTCFDUSD, bitcoin : 0.00426, stopPrice : 44004.11, limit : 43995.3 
placed stop loss
{
  "symbol": "BTCFDUSD",
  "orderId": 1636336117,
  "clientOrderId": "KieynEzjIog22uCprz2IPH",
  "transactTime": 1702242900854,
  "isIsolated": false
}


 ***** Sun Dec 10 2023 21:29:58 GMT+0000 (Coordinated Universal Time) *****  

 balance 
{
  "borrowed": 99.63,
  "free": 189.32,
  "error": false,
  "btcFree": 0.00003
}
 fdusd =189.32 , bitcoin = 0.00003 ; 

 Available 189.32 fdusd,borrowed 99.63,  position is OUT.
price is under ma, not buying.


 ***** Sun Dec 10 2023 21:44:58 GMT+0000 (Coordinated Universal Time) *****  

 balance 
{
  "borrowed": 99.63,
  "free": 189.32,
  "error": false,
  "btcFree": 0.00003
}
 fdusd =189.32 , bitcoin = 0.00003 ; 

 Available 189.32 fdusd,borrowed 99.63,  position is OUT.
price is under ma, not buying.


 ***** Sun Dec 10 2023 21:59:58 GMT+0000 (Coordinated Universal Time) *****  

 balance 
{
  "borrowed": 99.63,
  "free": 189.32,
  "error": false,
  "btcFree": 0.00003
}
 fdusd =189.32 , bitcoin = 0.00003 ; 

 Available 189.32 fdusd,borrowed 99.63,  position is OUT.
price is under ma, not buying.


 ***** Sun Dec 10 2023 22:14:58 GMT+0000 (Coordinated Universal Time) *****  

 balance 
{
  "borrowed": 99.63,
  "free": 189.32,
  "error": false,
  "btcFree": 0.00003
}
 fdusd =189.32 , bitcoin = 0.00003 ; 

 Available 189.32 fdusd,borrowed 99.63,  position is OUT.
price is under ma, not buying.


 ***** Sun Dec 10 2023 22:29:58 GMT+0000 (Coordinated Universal Time) *****  

 balance 
{
  "borrowed": 99.63,
  "free": 189.32,
  "error": false,
  "btcFree": 0.00003
}
 fdusd =189.32 , bitcoin = 0.00003 ; 

 Available 189.32 fdusd,borrowed 99.63,  position is OUT.
price is under ma, not buying.


 ***** Sun Dec 10 2023 22:44:58 GMT+0000 (Coordinated Universal Time) *****  

 balance 
{
  "borrowed": 99.63,
  "free": 189.32,
  "error": false,
  "btcFree": 0.00003
}
 fdusd =189.32 , bitcoin = 0.00003 ; 

 Available 189.32 fdusd,borrowed 99.63,  position is OUT.
price is under ma, not buying.


 ***** Sun Dec 10 2023 22:59:58 GMT+0000 (Coordinated Universal Time) *****  

 balance 
{
  "borrowed": 99.63,
  "free": 189.32,
  "error": false,
  "btcFree": 0.00003
}
 fdusd =189.32 , bitcoin = 0.00003 ; 

 Available 189.32 fdusd,borrowed 99.63,  position is OUT.
price is under ma, not buying.


 ***** Sun Dec 10 2023 23:14:58 GMT+0000 (Coordinated Universal Time) *****  

 balance 
{
  "borrowed": 99.63,
  "free": 189.32,
  "error": false,
  "btcFree": 0.00003
}
 fdusd =189.32 , bitcoin = 0.00003 ; 

 Available 189.32 fdusd,borrowed 99.63,  position is OUT.
price is under ma, not buying.


 ***** Sun Dec 10 2023 23:29:58 GMT+0000 (Coordinated Universal Time) *****  

 balance 
{
  "borrowed": 99.63,
  "free": 189.32,
  "error": false,
  "btcFree": 0.00003
}
 fdusd =189.32 , bitcoin = 0.00003 ; 

 Available 189.32 fdusd,borrowed 99.63,  position is OUT.
price is under ma, not buying.


 ***** Sun Dec 10 2023 23:44:58 GMT+0000 (Coordinated Universal Time) *****  

 balance 
{
  "borrowed": 99.63,
  "free": 189.32,
  "error": false,
  "btcFree": 0.00003
}
 fdusd =189.32 , bitcoin = 0.00003 ; 

 Available 189.32 fdusd,borrowed 99.63,  position is OUT.
price is under ma, not buying.


 ***** Sun Dec 10 2023 23:59:58 GMT+0000 (Coordinated Universal Time) *****  

 balance 
{
  "borrowed": 99.63,
  "free": 189.32,
  "error": false,
  "btcFree": 0.00003
}
 fdusd =189.32 , bitcoin = 0.00003 ; 

 Available 189.32 fdusd,borrowed 99.63,  position is OUT.
price is under ma, not buying.
