

 ***** Mon Dec 18 2023 00:14:58 GMT+0000 (Coordinated Universal Time) *****  

 balance 
{
  "borrowed": 99.63,
  "free": 181.3,
  "error": false,
  "btcFree": 0.0001
}
 fdusd =181.3 , bitcoin = 0.0001 ; 

 Available 181.3 fdusd,borrowed 99.63,  position is OUT.
price is under ma, not buying.


 ***** Mon Dec 18 2023 00:29:58 GMT+0000 (Coordinated Universal Time) *****  

 balance 
{
  "borrowed": 99.63,
  "free": 181.3,
  "error": false,
  "btcFree": 0.0001
}
 fdusd =181.3 , bitcoin = 0.0001 ; 

 Available 181.3 fdusd,borrowed 99.63,  position is OUT.
price is under ma, not buying.


 ***** Mon Dec 18 2023 00:44:58 GMT+0000 (Coordinated Universal Time) *****  

 balance 
{
  "borrowed": 99.63,
  "free": 181.3,
  "error": false,
  "btcFree": 0.0001
}
 fdusd =181.3 , bitcoin = 0.0001 ; 

 Available 181.3 fdusd,borrowed 99.63,  position is OUT.
price is under ma, not buying.


 ***** Mon Dec 18 2023 00:59:58 GMT+0000 (Coordinated Universal Time) *****  

 balance 
{
  "borrowed": 99.63,
  "free": 181.3,
  "error": false,
  "btcFree": 0.0001
}
 fdusd =181.3 , bitcoin = 0.0001 ; 

 Available 181.3 fdusd,borrowed 99.63,  position is OUT.
price is under ma, not buying.


 ***** Mon Dec 18 2023 01:14:58 GMT+0000 (Coordinated Universal Time) *****  

 balance 
{
  "borrowed": 99.63,
  "free": 181.3,
  "error": false,
  "btcFree": 0.0001
}
 fdusd =181.3 , bitcoin = 0.0001 ; 

 Available 181.3 fdusd,borrowed 99.63,  position is OUT.
price is under ma, not buying.


 ***** Mon Dec 18 2023 01:29:58 GMT+0000 (Coordinated Universal Time) *****  

 balance 
{
  "borrowed": 99.63,
  "free": 181.3,
  "error": false,
  "btcFree": 0.0001
}
 fdusd =181.3 , bitcoin = 0.0001 ; 

 Available 181.3 fdusd,borrowed 99.63,  position is OUT.
price is under ma, not buying.


 ***** Mon Dec 18 2023 01:44:58 GMT+0000 (Coordinated Universal Time) *****  

 balance 
{
  "borrowed": 99.63,
  "free": 181.3,
  "error": false,
  "btcFree": 0.0001
}
 fdusd =181.3 , bitcoin = 0.0001 ; 

 Available 181.3 fdusd,borrowed 99.63,  position is OUT.
price is under ma, not buying.


 ***** Mon Dec 18 2023 01:59:58 GMT+0000 (Coordinated Universal Time) *****  

 balance 
{
  "borrowed": 99.63,
  "free": 181.3,
  "error": false,
  "btcFree": 0.0001
}
 fdusd =181.3 , bitcoin = 0.0001 ; 

 Available 181.3 fdusd,borrowed 99.63,  position is OUT.
price is under ma, not buying.


 ***** Mon Dec 18 2023 02:14:58 GMT+0000 (Coordinated Universal Time) *****  

 balance 
{
  "borrowed": 99.63,
  "free": 181.3,
  "error": false,
  "btcFree": 0.0001
}
 fdusd =181.3 , bitcoin = 0.0001 ; 

 Available 181.3 fdusd,borrowed 99.63,  position is OUT.
price is under ma, not buying.


 ***** Mon Dec 18 2023 02:29:58 GMT+0000 (Coordinated Universal Time) *****  

 balance 
{
  "borrowed": 99.63,
  "free": 181.3,
  "error": false,
  "btcFree": 0.0001
}
 fdusd =181.3 , bitcoin = 0.0001 ; 

 Available 181.3 fdusd,borrowed 99.63,  position is OUT.
price is under ma, not buying.


 ***** Mon Dec 18 2023 02:44:58 GMT+0000 (Coordinated Universal Time) *****  

 balance 
{
  "borrowed": 99.63,
  "free": 181.3,
  "error": false,
  "btcFree": 0.0001
}
 fdusd =181.3 , bitcoin = 0.0001 ; 

 Available 181.3 fdusd,borrowed 99.63,  position is OUT.
price is under ma, not buying.


 ***** Mon Dec 18 2023 02:59:58 GMT+0000 (Coordinated Universal Time) *****  

 balance 
{
  "borrowed": 99.63,
  "free": 181.3,
  "error": false,
  "btcFree": 0.0001
}
 fdusd =181.3 , bitcoin = 0.0001 ; 

 Available 181.3 fdusd,borrowed 99.63,  position is OUT.
price is under ma, not buying.


 ***** Mon Dec 18 2023 03:14:58 GMT+0000 (Coordinated Universal Time) *****  

 balance 
{
  "borrowed": 99.63,
  "free": 181.3,
  "error": false,
  "btcFree": 0.0001
}
 fdusd =181.3 , bitcoin = 0.0001 ; 

 Available 181.3 fdusd,borrowed 99.63,  position is OUT.
price is under ma, not buying.


 ***** Mon Dec 18 2023 03:29:58 GMT+0000 (Coordinated Universal Time) *****  

 balance 
{
  "borrowed": 99.63,
  "free": 181.3,
  "error": false,
  "btcFree": 0.0001
}
 fdusd =181.3 , bitcoin = 0.0001 ; 

 Available 181.3 fdusd,borrowed 99.63,  position is OUT.
price is under ma, not buying.


 ***** Mon Dec 18 2023 03:44:58 GMT+0000 (Coordinated Universal Time) *****  

 balance 
{
  "borrowed": 99.63,
  "free": 181.3,
  "error": false,
  "btcFree": 0.0001
}
 fdusd =181.3 , bitcoin = 0.0001 ; 

 Available 181.3 fdusd,borrowed 99.63,  position is OUT.
price is under ma, not buying.


 ***** Mon Dec 18 2023 03:59:58 GMT+0000 (Coordinated Universal Time) *****  

 balance 
{
  "borrowed": 99.63,
  "free": 181.3,
  "error": false,
  "btcFree": 0.0001
}
 fdusd =181.3 , bitcoin = 0.0001 ; 

 Available 181.3 fdusd,borrowed 99.63,  position is OUT.
price is under ma, not buying.


 ***** Mon Dec 18 2023 04:14:58 GMT+0000 (Coordinated Universal Time) *****  

 balance 
{
  "borrowed": 99.63,
  "free": 181.3,
  "error": false,
  "btcFree": 0.0001
}
 fdusd =181.3 , bitcoin = 0.0001 ; 

 Available 181.3 fdusd,borrowed 99.63,  position is OUT.
price is under ma, not buying.


 ***** Mon Dec 18 2023 04:29:58 GMT+0000 (Coordinated Universal Time) *****  

 balance 
{
  "borrowed": 99.63,
  "free": 181.3,
  "error": false,
  "btcFree": 0.0001
}
 fdusd =181.3 , bitcoin = 0.0001 ; 

 Available 181.3 fdusd,borrowed 99.63,  position is OUT.
price is under ma, not buying.


 ***** Mon Dec 18 2023 04:44:58 GMT+0000 (Coordinated Universal Time) *****  

 balance 
{
  "borrowed": 99.63,
  "free": 181.3,
  "error": false,
  "btcFree": 0.0001
}
 fdusd =181.3 , bitcoin = 0.0001 ; 

 Available 181.3 fdusd,borrowed 99.63,  position is OUT.
price is under ma, not buying.


 ***** Mon Dec 18 2023 04:59:58 GMT+0000 (Coordinated Universal Time) *****  

 balance 
{
  "borrowed": 99.63,
  "free": 181.3,
  "error": false,
  "btcFree": 0.0001
}
 fdusd =181.3 , bitcoin = 0.0001 ; 

 Available 181.3 fdusd,borrowed 99.63,  position is OUT.
price is under ma, not buying.


 ***** Mon Dec 18 2023 05:14:58 GMT+0000 (Coordinated Universal Time) *****  

 balance 
{
  "borrowed": 99.63,
  "free": 181.3,
  "error": false,
  "btcFree": 0.0001
}
 fdusd =181.3 , bitcoin = 0.0001 ; 

 Available 181.3 fdusd,borrowed 99.63,  position is OUT.
price is under ma, not buying.


 ***** Mon Dec 18 2023 05:29:58 GMT+0000 (Coordinated Universal Time) *****  

 balance 
{
  "borrowed": 99.63,
  "free": 181.3,
  "error": false,
  "btcFree": 0.0001
}
 fdusd =181.3 , bitcoin = 0.0001 ; 

 Available 181.3 fdusd,borrowed 99.63,  position is OUT.
price is under ma, not buying.


 ***** Mon Dec 18 2023 05:44:58 GMT+0000 (Coordinated Universal Time) *****  

 balance 
{
  "borrowed": 99.63,
  "free": 181.3,
  "error": false,
  "btcFree": 0.0001
}
 fdusd =181.3 , bitcoin = 0.0001 ; 

 Available 181.3 fdusd,borrowed 99.63,  position is OUT.
price is under ma, not buying.


 ***** Mon Dec 18 2023 05:59:58 GMT+0000 (Coordinated Universal Time) *****  

 balance 
{
  "borrowed": 99.63,
  "free": 181.3,
  "error": false,
  "btcFree": 0.0001
}
 fdusd =181.3 , bitcoin = 0.0001 ; 

 Available 181.3 fdusd,borrowed 99.63,  position is OUT.
price is under ma, not buying.


 ***** Mon Dec 18 2023 06:14:58 GMT+0000 (Coordinated Universal Time) *****  

 balance 
{
  "borrowed": 99.63,
  "free": 181.3,
  "error": false,
  "btcFree": 0.0001
}
 fdusd =181.3 , bitcoin = 0.0001 ; 

 Available 181.3 fdusd,borrowed 99.63,  position is OUT.
price is under ma, not buying.


 ***** Mon Dec 18 2023 06:29:58 GMT+0000 (Coordinated Universal Time) *****  

 balance 
{
  "borrowed": 99.63,
  "free": 181.3,
  "error": false,
  "btcFree": 0.0001
}
 fdusd =181.3 , bitcoin = 0.0001 ; 

 Available 181.3 fdusd,borrowed 99.63,  position is OUT.
price is under ma, not buying.


 ***** Mon Dec 18 2023 06:44:58 GMT+0000 (Coordinated Universal Time) *****  

 balance 
{
  "borrowed": 99.63,
  "free": 181.3,
  "error": false,
  "btcFree": 0.0001
}
 fdusd =181.3 , bitcoin = 0.0001 ; 

 Available 181.3 fdusd,borrowed 99.63,  position is OUT.
price is under ma, not buying.


 ***** Mon Dec 18 2023 06:59:58 GMT+0000 (Coordinated Universal Time) *****  

 balance 
{
  "borrowed": 99.63,
  "free": 181.3,
  "error": false,
  "btcFree": 0.0001
}
 fdusd =181.3 , bitcoin = 0.0001 ; 

 Available 181.3 fdusd,borrowed 99.63,  position is OUT.
price is under ma, not buying.


 ***** Mon Dec 18 2023 07:14:58 GMT+0000 (Coordinated Universal Time) *****  

 balance 
{
  "borrowed": 99.63,
  "free": 181.3,
  "error": false,
  "btcFree": 0.0001
}
 fdusd =181.3 , bitcoin = 0.0001 ; 

 Available 181.3 fdusd,borrowed 99.63,  position is OUT.
price is under ma, not buying.


 ***** Mon Dec 18 2023 07:29:58 GMT+0000 (Coordinated Universal Time) *****  

 balance 
{
  "borrowed": 99.63,
  "free": 181.3,
  "error": false,
  "btcFree": 0.0001
}
 fdusd =181.3 , bitcoin = 0.0001 ; 

 Available 181.3 fdusd,borrowed 99.63,  position is OUT.
price is under ma, not buying.


 ***** Mon Dec 18 2023 07:44:58 GMT+0000 (Coordinated Universal Time) *****  

 balance 
{
  "borrowed": 99.63,
  "free": 181.3,
  "error": false,
  "btcFree": 0.0001
}
 fdusd =181.3 , bitcoin = 0.0001 ; 

 Available 181.3 fdusd,borrowed 99.63,  position is OUT.
price is under ma, not buying.


 ***** Mon Dec 18 2023 07:59:58 GMT+0000 (Coordinated Universal Time) *****  

 balance 
{
  "borrowed": 99.63,
  "free": 181.3,
  "error": false,
  "btcFree": 0.0001
}
 fdusd =181.3 , bitcoin = 0.0001 ; 

 Available 181.3 fdusd,borrowed 99.63,  position is OUT.
price is under ma, not buying.


 ***** Mon Dec 18 2023 08:14:58 GMT+0000 (Coordinated Universal Time) *****  

 balance 
{
  "borrowed": 99.63,
  "free": 181.3,
  "error": false,
  "btcFree": 0.0001
}
 fdusd =181.3 , bitcoin = 0.0001 ; 

 Available 181.3 fdusd,borrowed 99.63,  position is OUT.
price is under ma, not buying.


 ***** Mon Dec 18 2023 08:29:58 GMT+0000 (Coordinated Universal Time) *****  

 balance 
{
  "borrowed": 99.63,
  "free": 181.3,
  "error": false,
  "btcFree": 0.0001
}
 fdusd =181.3 , bitcoin = 0.0001 ; 

 Available 181.3 fdusd,borrowed 99.63,  position is OUT.
price is under ma, not buying.


 ***** Mon Dec 18 2023 08:44:58 GMT+0000 (Coordinated Universal Time) *****  

 balance 
{
  "borrowed": 99.63,
  "free": 181.3,
  "error": false,
  "btcFree": 0.0001
}
 fdusd =181.3 , bitcoin = 0.0001 ; 

 Available 181.3 fdusd,borrowed 99.63,  position is OUT.
price is under ma, not buying.


 ***** Mon Dec 18 2023 08:59:58 GMT+0000 (Coordinated Universal Time) *****  

 balance 
{
  "borrowed": 99.63,
  "free": 181.3,
  "error": false,
  "btcFree": 0.0001
}
 fdusd =181.3 , bitcoin = 0.0001 ; 

 Available 181.3 fdusd,borrowed 99.63,  position is OUT.
price is under ma, not buying.


 ***** Mon Dec 18 2023 09:14:58 GMT+0000 (Coordinated Universal Time) *****  

 balance 
{
  "borrowed": 99.63,
  "free": 181.3,
  "error": false,
  "btcFree": 0.0001
}
 fdusd =181.3 , bitcoin = 0.0001 ; 

 Available 181.3 fdusd,borrowed 99.63,  position is OUT.
price is under ma, not buying.


 ***** Mon Dec 18 2023 09:29:58 GMT+0000 (Coordinated Universal Time) *****  

 balance 
{
  "borrowed": 99.63,
  "free": 181.3,
  "error": false,
  "btcFree": 0.0001
}
 fdusd =181.3 , bitcoin = 0.0001 ; 

 Available 181.3 fdusd,borrowed 99.63,  position is OUT.
price is under ma, not buying.


 ***** Mon Dec 18 2023 09:44:58 GMT+0000 (Coordinated Universal Time) *****  

 balance 
{
  "borrowed": 99.63,
  "free": 181.3,
  "error": false,
  "btcFree": 0.0001
}
 fdusd =181.3 , bitcoin = 0.0001 ; 

 Available 181.3 fdusd,borrowed 99.63,  position is OUT.
price is under ma, not buying.


 ***** Mon Dec 18 2023 09:59:58 GMT+0000 (Coordinated Universal Time) *****  

 balance 
{
  "borrowed": 99.63,
  "free": 181.3,
  "error": false,
  "btcFree": 0.0001
}
 fdusd =181.3 , bitcoin = 0.0001 ; 

 Available 181.3 fdusd,borrowed 99.63,  position is OUT.
price is under ma, not buying.


 ***** Mon Dec 18 2023 10:14:58 GMT+0000 (Coordinated Universal Time) *****  

 balance 
{
  "borrowed": 99.63,
  "free": 181.3,
  "error": false,
  "btcFree": 0.0001
}
 fdusd =181.3 , bitcoin = 0.0001 ; 

 Available 181.3 fdusd,borrowed 99.63,  position is OUT.
price is under ma, not buying.


 ***** Mon Dec 18 2023 10:29:58 GMT+0000 (Coordinated Universal Time) *****  

 balance 
{
  "borrowed": 99.63,
  "free": 181.3,
  "error": false,
  "btcFree": 0.0001
}
 fdusd =181.3 , bitcoin = 0.0001 ; 

 Available 181.3 fdusd,borrowed 99.63,  position is OUT.
price is under ma, not buying.


 ***** Mon Dec 18 2023 10:44:58 GMT+0000 (Coordinated Universal Time) *****  

 balance 
{
  "borrowed": 99.63,
  "free": 181.3,
  "error": false,
  "btcFree": 0.0001
}
 fdusd =181.3 , bitcoin = 0.0001 ; 

 Available 181.3 fdusd,borrowed 99.63,  position is OUT.
price is under ma, not buying.


 ***** Mon Dec 18 2023 10:59:58 GMT+0000 (Coordinated Universal Time) *****  

 balance 
{
  "borrowed": 99.63,
  "free": 181.3,
  "error": false,
  "btcFree": 0.0001
}
 fdusd =181.3 , bitcoin = 0.0001 ; 

 Available 181.3 fdusd,borrowed 99.63,  position is OUT.
price is under ma, not buying.


 ***** Mon Dec 18 2023 11:14:58 GMT+0000 (Coordinated Universal Time) *****  

 balance 
{
  "borrowed": 99.63,
  "free": 181.3,
  "error": false,
  "btcFree": 0.0001
}
 fdusd =181.3 , bitcoin = 0.0001 ; 

 Available 181.3 fdusd,borrowed 99.63,  position is OUT.
price is under ma, not buying.


 ***** Mon Dec 18 2023 11:29:58 GMT+0000 (Coordinated Universal Time) *****  

 balance 
{
  "borrowed": 99.63,
  "free": 181.3,
  "error": false,
  "btcFree": 0.0001
}
 fdusd =181.3 , bitcoin = 0.0001 ; 

 Available 181.3 fdusd,borrowed 99.63,  position is OUT.
price is under ma, not buying.


 ***** Mon Dec 18 2023 11:44:58 GMT+0000 (Coordinated Universal Time) *****  

 balance 
{
  "borrowed": 99.63,
  "free": 181.3,
  "error": false,
  "btcFree": 0.0001
}
 fdusd =181.3 , bitcoin = 0.0001 ; 

 Available 181.3 fdusd,borrowed 99.63,  position is OUT.
price is under ma, not buying.


 ***** Mon Dec 18 2023 11:59:58 GMT+0000 (Coordinated Universal Time) *****  

 balance 
{
  "borrowed": 99.63,
  "free": 181.3,
  "error": false,
  "btcFree": 0.0001
}
 fdusd =181.3 , bitcoin = 0.0001 ; 

 Available 181.3 fdusd,borrowed 99.63,  position is OUT.
price is under ma, not buying.


 ***** Mon Dec 18 2023 12:14:58 GMT+0000 (Coordinated Universal Time) *****  

 balance 
{
  "borrowed": 99.63,
  "free": 181.3,
  "error": false,
  "btcFree": 0.0001
}
 fdusd =181.3 , bitcoin = 0.0001 ; 

 Available 181.3 fdusd,borrowed 99.63,  position is OUT.
price is under ma, not buying.


 ***** Mon Dec 18 2023 12:29:58 GMT+0000 (Coordinated Universal Time) *****  

 balance 
{
  "borrowed": 99.63,
  "free": 181.3,
  "error": false,
  "btcFree": 0.0001
}
 fdusd =181.3 , bitcoin = 0.0001 ; 

 Available 181.3 fdusd,borrowed 99.63,  position is OUT.
price is under ma, not buying.


 ***** Mon Dec 18 2023 12:44:58 GMT+0000 (Coordinated Universal Time) *****  

 balance 
{
  "borrowed": 99.63,
  "free": 181.3,
  "error": false,
  "btcFree": 0.0001
}
 fdusd =181.3 , bitcoin = 0.0001 ; 

 Available 181.3 fdusd,borrowed 99.63,  position is OUT.
price is under ma, not buying.


 ***** Mon Dec 18 2023 12:59:58 GMT+0000 (Coordinated Universal Time) *****  

 balance 
{
  "borrowed": 99.63,
  "free": 181.3,
  "error": false,
  "btcFree": 0.0001
}
 fdusd =181.3 , bitcoin = 0.0001 ; 

 Available 181.3 fdusd,borrowed 99.63,  position is OUT.
price is under ma, not buying.


 ***** Mon Dec 18 2023 13:14:58 GMT+0000 (Coordinated Universal Time) *****  

 balance 
{
  "borrowed": 99.63,
  "free": 181.3,
  "error": false,
  "btcFree": 0.0001
}
 fdusd =181.3 , bitcoin = 0.0001 ; 

 Available 181.3 fdusd,borrowed 99.63,  position is OUT.
price is under ma, not buying.


 ***** Mon Dec 18 2023 13:29:58 GMT+0000 (Coordinated Universal Time) *****  

 balance 
{
  "borrowed": 99.63,
  "free": 181.3,
  "error": false,
  "btcFree": 0.0001
}
 fdusd =181.3 , bitcoin = 0.0001 ; 

 Available 181.3 fdusd,borrowed 99.63,  position is OUT.
price is under ma, not buying.


 ***** Mon Dec 18 2023 13:44:58 GMT+0000 (Coordinated Universal Time) *****  

 balance 
{
  "borrowed": 99.63,
  "free": 181.3,
  "error": false,
  "btcFree": 0.0001
}
 fdusd =181.3 , bitcoin = 0.0001 ; 

 Available 181.3 fdusd,borrowed 99.63,  position is OUT.
price is under ma, not buying.


 ***** Mon Dec 18 2023 13:59:58 GMT+0000 (Coordinated Universal Time) *****  

 balance 
{
  "borrowed": 99.63,
  "free": 181.3,
  "error": false,
  "btcFree": 0.0001
}
 fdusd =181.3 , bitcoin = 0.0001 ; 

 Available 181.3 fdusd,borrowed 99.63,  position is OUT.
price is under ma, not buying.


 ***** Mon Dec 18 2023 14:14:58 GMT+0000 (Coordinated Universal Time) *****  

 balance 
{
  "borrowed": 99.63,
  "free": 181.3,
  "error": false,
  "btcFree": 0.0001
}
 fdusd =181.3 , bitcoin = 0.0001 ; 

 Available 181.3 fdusd,borrowed 99.63,  position is OUT.
price is under ma, not buying.


 ***** Mon Dec 18 2023 14:29:58 GMT+0000 (Coordinated Universal Time) *****  

 balance 
{
  "borrowed": 99.63,
  "free": 181.3,
  "error": false,
  "btcFree": 0.0001
}
 fdusd =181.3 , bitcoin = 0.0001 ; 

 Available 181.3 fdusd,borrowed 99.63,  position is OUT.
price is under ma, not buying.


 ***** Mon Dec 18 2023 14:44:58 GMT+0000 (Coordinated Universal Time) *****  

 balance 
{
  "borrowed": 99.63,
  "free": 181.3,
  "error": false,
  "btcFree": 0.0001
}
 fdusd =181.3 , bitcoin = 0.0001 ; 

 Available 181.3 fdusd,borrowed 99.63,  position is OUT.
price is under ma, not buying.


 ***** Mon Dec 18 2023 14:59:58 GMT+0000 (Coordinated Universal Time) *****  

 balance 
{
  "borrowed": 99.63,
  "free": 181.3,
  "error": false,
  "btcFree": 0.0001
}
 fdusd =181.3 , bitcoin = 0.0001 ; 

 Available 181.3 fdusd,borrowed 99.63,  position is OUT.
price is under ma, not buying.


 ***** Mon Dec 18 2023 15:14:58 GMT+0000 (Coordinated Universal Time) *****  

 balance 
{
  "borrowed": 99.63,
  "free": 181.3,
  "error": false,
  "btcFree": 0.0001
}
 fdusd =181.3 , bitcoin = 0.0001 ; 

 Available 181.3 fdusd,borrowed 99.63,  position is OUT.
price is under ma, not buying.


 ***** Mon Dec 18 2023 15:29:58 GMT+0000 (Coordinated Universal Time) *****  

 balance 
{
  "borrowed": 99.63,
  "free": 181.3,
  "error": false,
  "btcFree": 0.0001
}
 fdusd =181.3 , bitcoin = 0.0001 ; 

 Available 181.3 fdusd,borrowed 99.63,  position is OUT.
price is under ma, not buying.


 ***** Mon Dec 18 2023 15:44:58 GMT+0000 (Coordinated Universal Time) *****  

 balance 
{
  "borrowed": 99.63,
  "free": 181.3,
  "error": false,
  "btcFree": 0.0001
}
 fdusd =181.3 , bitcoin = 0.0001 ; 

 Available 181.3 fdusd,borrowed 99.63,  position is OUT.
price is under ma, not buying.


 ***** Mon Dec 18 2023 15:59:58 GMT+0000 (Coordinated Universal Time) *****  

 balance 
{
  "borrowed": 99.63,
  "free": 181.3,
  "error": false,
  "btcFree": 0.0001
}
 fdusd =181.3 , bitcoin = 0.0001 ; 

 Available 181.3 fdusd,borrowed 99.63,  position is OUT.
price is under ma, not buying.
